07:27:41.285 INFO - Selenium build info: version: '3.0.1', revision: '1969d75'
07:27:41.285 INFO - Launching a standalone Selenium Server
2020-02-28 07:27:41.300:INFO::main: Logging initialized @206ms
07:27:41.357 INFO - Driver provider org.openqa.selenium.ie.InternetExplorerDriver registration is skipped:
 registration capabilities Capabilities [{ensureCleanSession=true, browserName=internet explorer, version=, platform=WINDOWS}] does not match the current platform MAC
07:27:41.357 INFO - Driver provider org.openqa.selenium.edge.EdgeDriver registration is skipped:
 registration capabilities Capabilities [{browserName=MicrosoftEdge, version=, platform=WINDOWS}] does not match the current platform MAC
07:27:41.357 INFO - Driver class not found: com.opera.core.systems.OperaDriver
07:27:41.357 INFO - Driver provider com.opera.core.systems.OperaDriver registration is skipped:
Unable to create new instances on this machine.
07:27:41.357 INFO - Driver class not found: com.opera.core.systems.OperaDriver
07:27:41.357 INFO - Driver provider com.opera.core.systems.OperaDriver is not registered
2020-02-28 07:27:41.390:INFO:osjs.Server:main: jetty-9.2.15.v20160210
2020-02-28 07:27:41.408:INFO:osjsh.ContextHandler:main: Started o.s.j.s.ServletContextHandler@6cc4c815{/,null,AVAILABLE}
2020-02-28 07:27:41.440:INFO:osjs.ServerConnector:main: Started ServerConnector@7823a2f9{HTTP/1.1}{0.0.0.0:4444}
2020-02-28 07:27:41.440:INFO:osjs.Server:main: Started @346ms
07:27:41.440 INFO - Selenium Server is up and running
07:27:41.790 INFO - SessionCleaner initialized with insideBrowserTimeout 0 and clientGoneTimeout 1800000 polling every 180000
07:27:41.803 INFO - Executing: [new session: Capabilities [{name=Third Test, browserName=chrome, platform=ANY}]])
07:27:41.813 INFO - Creating a new session for Capabilities [{name=Third Test, browserName=chrome, platform=ANY}]
Starting ChromeDriver 80.0.3987.106 (f68069574609230cf9b635cd784cfb1bf81bb53a-refs/branch-heads/3987@{#882}) on port 10077
Only local connections are allowed.
Please protect ports used by ChromeDriver and related test frameworks to prevent access by malicious code.
07:27:42.121 INFO - Attempting bi-dialect session, assuming Postel's Law holds true on the remote end
07:27:43.901 INFO - Falling back to original OSS JSON Wire Protocol.
07:27:44.821 INFO - Detected dialect: OSS
07:27:44.837 INFO - Done: [new session: Capabilities [{name=Third Test, browserName=chrome, platform=ANY}]]
07:27:44.850 INFO - Executing: [get: https://www.telus.com/en/])
[1582855067.832][SEVERE]: Timed out receiving message from renderer: 0.100
[1582855067.935][SEVERE]: Timed out receiving message from renderer: 0.100
[1582855068.037][SEVERE]: Timed out receiving message from renderer: 0.100
[1582855068.140][SEVERE]: Timed out receiving message from renderer: 0.100
[1582855068.251][SEVERE]: Timed out receiving message from renderer: 0.100
[1582855068.353][SEVERE]: Timed out receiving message from renderer: 0.100
[1582855068.455][SEVERE]: Timed out receiving message from renderer: 0.100
[1582855068.558][SEVERE]: Timed out receiving message from renderer: 0.100
[1582855068.660][SEVERE]: Timed out receiving message from renderer: 0.100
[1582855068.800][SEVERE]: Timed out receiving message from renderer: 0.100
[1582855068.903][SEVERE]: Timed out receiving message from renderer: 0.100
[1582855069.005][SEVERE]: Timed out receiving message from renderer: 0.100
[1582855069.242][SEVERE]: Timed out receiving message from renderer: 0.100
[1582855069.344][SEVERE]: Timed out receiving message from renderer: 0.100
[1582855069.446][SEVERE]: Timed out receiving message from renderer: 0.100
[1582855069.547][SEVERE]: Timed out receiving message from renderer: 0.100
[1582855069.692][SEVERE]: Timed out receiving message from renderer: 0.100
[1582855069.804][SEVERE]: Timed out receiving message from renderer: 0.100
[1582855069.906][SEVERE]: Timed out receiving message from renderer: 0.100
[1582855070.008][SEVERE]: Timed out receiving message from renderer: 0.100
[1582855070.111][SEVERE]: Timed out receiving message from renderer: 0.100
[1582855070.213][SEVERE]: Timed out receiving message from renderer: 0.100
[1582855070.316][SEVERE]: Timed out receiving message from renderer: 0.100
[1582855070.417][SEVERE]: Timed out receiving message from renderer: 0.100
[1582855070.520][SEVERE]: Timed out receiving message from renderer: 0.100
[1582855070.621][SEVERE]: Timed out receiving message from renderer: 0.100
[1582855070.724][SEVERE]: Timed out receiving message from renderer: 0.100
[1582855070.826][SEVERE]: Timed out receiving message from renderer: 0.100
[1582855070.927][SEVERE]: Timed out receiving message from renderer: 0.100
[1582855071.149][SEVERE]: Timed out receiving message from renderer: 0.100
[1582855071.251][SEVERE]: Timed out receiving message from renderer: 0.100
[1582855071.354][SEVERE]: Timed out receiving message from renderer: 0.100
[1582855071.457][SEVERE]: Timed out receiving message from renderer: 0.100
[1582855071.559][SEVERE]: Timed out receiving message from renderer: 0.100
[1582855071.661][SEVERE]: Timed out receiving message from renderer: 0.100
[1582855072.372][SEVERE]: Timed out receiving message from renderer: 0.100
[1582855072.594][SEVERE]: Timed out receiving message from renderer: 0.100
[1582855072.695][SEVERE]: Timed out receiving message from renderer: 0.100
[1582855072.797][SEVERE]: Timed out receiving message from renderer: 0.100
[1582855072.900][SEVERE]: Timed out receiving message from renderer: 0.100
[1582855073.001][SEVERE]: Timed out receiving message from renderer: 0.100
[1582855073.102][SEVERE]: Timed out receiving message from renderer: 0.100
[1582855073.204][SEVERE]: Timed out receiving message from renderer: 0.100
[1582855073.305][SEVERE]: Timed out receiving message from renderer: 0.100
[1582855073.457][SEVERE]: Timed out receiving message from renderer: 0.100
[1582855073.559][SEVERE]: Timed out receiving message from renderer: 0.100
[1582855073.668][SEVERE]: Timed out receiving message from renderer: 0.100
[1582855073.770][SEVERE]: Timed out receiving message from renderer: 0.100
[1582855073.872][SEVERE]: Timed out receiving message from renderer: 0.100
[1582855073.984][SEVERE]: Timed out receiving message from renderer: 0.100
[1582855074.169][SEVERE]: Timed out receiving message from renderer: 0.100
[1582855074.271][SEVERE]: Timed out receiving message from renderer: 0.100
[1582855074.419][SEVERE]: Timed out receiving message from renderer: 0.100
[1582855074.521][SEVERE]: Timed out receiving message from renderer: 0.100
[1582855074.664][SEVERE]: Timed out receiving message from renderer: 0.100
[1582855074.919][SEVERE]: Timed out receiving message from renderer: 0.100
[1582855075.021][SEVERE]: Timed out receiving message from renderer: 0.100
[1582855075.164][SEVERE]: Timed out receiving message from renderer: 0.100
07:27:55.290 INFO - Done: [get: https://www.telus.com/en/]
07:27:55.298 INFO - Executing: [find elements: By.cssSelector: body])
07:27:55.327 INFO - Done: [find elements: By.cssSelector: body]
07:27:55.334 INFO - Executing: [is displayed: 0 [[ChromeDriver: chrome on MAC (96c05ac59f5b0e6d5753ab0d6a1f0825)] -> css selector: body]])
[1582855075.460][SEVERE]: Timed out receiving message from renderer: 0.100
[1582855075.562][SEVERE]: Timed out receiving message from renderer: 0.100
[1582855075.677][SEVERE]: Timed out receiving message from renderer: 0.100
[1582855075.905][SEVERE]: Timed out receiving message from renderer: 0.100
[1582855076.008][SEVERE]: Timed out receiving message from renderer: 0.100
[1582855076.155][SEVERE]: Timed out receiving message from renderer: 0.100
[1582855076.257][SEVERE]: Timed out receiving message from renderer: 0.100
[1582855076.360][SEVERE]: Timed out receiving message from renderer: 0.100
[1582855076.546][SEVERE]: Timed out receiving message from renderer: 0.100
07:27:56.611 INFO - Done: [is displayed: 0 [[ChromeDriver: chrome on MAC (96c05ac59f5b0e6d5753ab0d6a1f0825)] -> css selector: body]]
07:27:56.630 INFO - Executing: [get title])
07:27:56.637 INFO - Done: [get title]
07:27:56.648 INFO - Executing: [find elements: By.xpath: //*[@id="app"]/div/div/section[3]/div/div[2]/div[4]/div/a/div/picture/img])
07:27:56.663 INFO - Done: [find elements: By.xpath: //*[@id="app"]/div/div/section[3]/div/div[2]/div[4]/div/a/div/picture/img]
07:27:56.667 INFO - Executing: [click: 1 [[ChromeDriver: chrome on MAC (96c05ac59f5b0e6d5753ab0d6a1f0825)] -> xpath: //*[@id="app"]/div/div/section[3]/div/div[2]/div[4]/div/a/div/picture/img]])
07:27:58.373 INFO - Done: [click: 1 [[ChromeDriver: chrome on MAC (96c05ac59f5b0e6d5753ab0d6a1f0825)] -> xpath: //*[@id="app"]/div/div/section[3]/div/div[2]/div[4]/div/a/div/picture/img]]
07:27:58.377 INFO - Executing: [find elements: By.cssSelector: body])
07:27:58.387 INFO - Done: [find elements: By.cssSelector: body]
07:27:58.893 INFO - Executing: [find elements: By.cssSelector: body])
07:27:58.913 INFO - Done: [find elements: By.cssSelector: body]
07:27:59.419 INFO - Executing: [find elements: By.cssSelector: body])
07:27:59.428 INFO - Done: [find elements: By.cssSelector: body]
07:27:59.432 INFO - Executing: [is displayed: 2 [[ChromeDriver: chrome on MAC (96c05ac59f5b0e6d5753ab0d6a1f0825)] -> css selector: body]])
07:27:59.442 INFO - Done: [is displayed: 2 [[ChromeDriver: chrome on MAC (96c05ac59f5b0e6d5753ab0d6a1f0825)] -> css selector: body]]
07:27:59.450 INFO - Executing: [find elements: By.xpath: //*[@id="app"]/div/section[3]/div/div/div[1]/div/div/a])
07:27:59.462 INFO - Done: [find elements: By.xpath: //*[@id="app"]/div/section[3]/div/div/div[1]/div/div/a]
07:27:59.467 INFO - Executing: [is displayed: 3 [[ChromeDriver: chrome on MAC (96c05ac59f5b0e6d5753ab0d6a1f0825)] -> xpath: //*[@id="app"]/div/section[3]/div/div/div[1]/div/div/a]])
07:28:00.710 INFO - Done: [is displayed: 3 [[ChromeDriver: chrome on MAC (96c05ac59f5b0e6d5753ab0d6a1f0825)] -> xpath: //*[@id="app"]/div/section[3]/div/div/div[1]/div/div/a]]
07:28:00.714 INFO - Executing: [find elements: By.xpath: //*[@id="app"]/div/section[3]/div/div/div[2]/div/div/a])
07:28:00.768 INFO - Done: [find elements: By.xpath: //*[@id="app"]/div/section[3]/div/div/div[2]/div/div/a]
07:28:00.772 INFO - Executing: [is displayed: 4 [[ChromeDriver: chrome on MAC (96c05ac59f5b0e6d5753ab0d6a1f0825)] -> xpath: //*[@id="app"]/div/section[3]/div/div/div[2]/div/div/a]])
07:28:00.784 INFO - Done: [is displayed: 4 [[ChromeDriver: chrome on MAC (96c05ac59f5b0e6d5753ab0d6a1f0825)] -> xpath: //*[@id="app"]/div/section[3]/div/div/div[2]/div/div/a]]
07:28:00.789 INFO - Executing: [find elements: By.xpath: //*[@id="app"]/div/section[3]/div/div/div[2]/div/div/a])
07:28:00.797 INFO - Done: [find elements: By.xpath: //*[@id="app"]/div/section[3]/div/div/div[2]/div/div/a]
07:28:00.803 INFO - Executing: [click: 4 [[ChromeDriver: chrome on MAC (96c05ac59f5b0e6d5753ab0d6a1f0825)] -> xpath: //*[@id="app"]/div/section[3]/div/div/div[2]/div/div/a]])
07:28:00.851 INFO - Done: [click: 4 [[ChromeDriver: chrome on MAC (96c05ac59f5b0e6d5753ab0d6a1f0825)] -> xpath: //*[@id="app"]/div/section[3]/div/div/div[2]/div/div/a]]
07:28:00.855 INFO - Executing: [find elements: By.cssSelector: body])
07:28:00.863 INFO - Done: [find elements: By.cssSelector: body]
07:28:00.866 INFO - Executing: [is displayed: 2 [[ChromeDriver: chrome on MAC (96c05ac59f5b0e6d5753ab0d6a1f0825)] -> css selector: body]])
07:28:00.873 INFO - Done: [is displayed: 2 [[ChromeDriver: chrome on MAC (96c05ac59f5b0e6d5753ab0d6a1f0825)] -> css selector: body]]
07:28:00.879 INFO - Executing: [find elements: By.xpath: //*[@id="autocomplete-form-address-google"]])
07:28:00.898 INFO - Done: [find elements: By.xpath: //*[@id="autocomplete-form-address-google"]]
07:28:01.404 INFO - Executing: [find elements: By.xpath: //*[@id="autocomplete-form-address-google"]])
07:28:01.991 INFO - Done: [find elements: By.xpath: //*[@id="autocomplete-form-address-google"]]
07:28:01.994 INFO - Executing: [send keys: 5 [[ChromeDriver: chrome on MAC (96c05ac59f5b0e6d5753ab0d6a1f0825)] -> xpath: //*[@id="autocomplete-form-address-google"]], [K, i, n, g, ', s,  , C, o, l, l, e, g, e,  , C, i, r]])
07:28:03.454 WARN - Exception thrown
org.openqa.selenium.ElementNotInteractableException: element not interactable
  (Session info: chrome=80.0.3987.122)
  (Driver info: chromedriver=80.0.3987.106 (f68069574609230cf9b635cd784cfb1bf81bb53a-refs/branch-heads/3987@{#882}),platform=Mac OS X 10.13.6 x86_64) (WARNING: The server did not provide any stacktrace information)
Command duration or timeout: 28 milliseconds
Build info: version: '3.0.1', revision: '1969d75', time: '2016-10-18 09:48:19 -0700'
System info: host: 'IN-GN-45412.local', ip: '192.168.2.3', os.name: 'Mac OS X', os.arch: 'x86_64', os.version: '10.13.6', java.version: '1.8.0_191'
Driver info: org.openqa.selenium.chrome.ChromeDriver
Capabilities [{mobileEmulationEnabled=false, timeouts={implicit=0, pageLoad=300000, script=30000}, hasTouchScreen=false, platform=MAC, acceptSslCerts=false, goog:chromeOptions={debuggerAddress=localhost:60389}, acceptInsecureCerts=false, webStorageEnabled=true, browserName=chrome, takesScreenshot=true, javascriptEnabled=true, setWindowRect=true, unexpectedAlertBehaviour=ignore, applicationCacheEnabled=false, rotatable=false, networkConnectionEnabled=false, chrome={chromedriverVersion=80.0.3987.106 (f68069574609230cf9b635cd784cfb1bf81bb53a-refs/branch-heads/3987@{#882}), userDataDir=/var/folders/pp/vl1nbgxn6zn42k3n1scqf2mctvfc6n/T/.com.google.Chrome.km6J3w}, takesHeapSnapshot=true, pageLoadStrategy=normal, strictFileInteractability=false, databaseEnabled=false, handlesAlerts=true, version=80.0.3987.122, browserConnectionEnabled=false, proxy={}, nativeEvents=true, locationContextEnabled=true, cssSelectorsEnabled=true}]
Session ID: 96c05ac59f5b0e6d5753ab0d6a1f0825
	at sun.reflect.NativeConstructorAccessorImpl.newInstance0(Native Method)
	at sun.reflect.NativeConstructorAccessorImpl.newInstance(NativeConstructorAccessorImpl.java:62)
	at sun.reflect.DelegatingConstructorAccessorImpl.newInstance(DelegatingConstructorAccessorImpl.java:45)
	at java.lang.reflect.Constructor.newInstance(Constructor.java:423)
	at org.openqa.selenium.remote.ErrorHandler.createThrowable(ErrorHandler.java:216)
	at org.openqa.selenium.remote.ErrorHandler.throwIfResponseFailed(ErrorHandler.java:168)
	at org.openqa.selenium.remote.RemoteWebDriver.execute(RemoteWebDriver.java:635)
	at org.openqa.selenium.remote.RemoteWebElement.execute(RemoteWebElement.java:274)
	at org.openqa.selenium.remote.RemoteWebElement.sendKeys(RemoteWebElement.java:98)
	at sun.reflect.NativeMethodAccessorImpl.invoke0(Native Method)
	at sun.reflect.NativeMethodAccessorImpl.invoke(NativeMethodAccessorImpl.java:62)
	at sun.reflect.DelegatingMethodAccessorImpl.invoke(DelegatingMethodAccessorImpl.java:43)
	at java.lang.reflect.Method.invoke(Method.java:498)
	at org.openqa.selenium.support.events.EventFiringWebDriver$EventFiringWebElement$1.invoke(EventFiringWebDriver.java:331)
	at com.sun.proxy.$Proxy5.sendKeys(Unknown Source)
	at org.openqa.selenium.support.events.EventFiringWebDriver$EventFiringWebElement.sendKeys(EventFiringWebDriver.java:354)
	at sun.reflect.NativeMethodAccessorImpl.invoke0(Native Method)
	at sun.reflect.NativeMethodAccessorImpl.invoke(NativeMethodAccessorImpl.java:62)
	at sun.reflect.DelegatingMethodAccessorImpl.invoke(DelegatingMethodAccessorImpl.java:43)
	at java.lang.reflect.Method.invoke(Method.java:498)
	at org.openqa.selenium.remote.server.KnownElements$1.invoke(KnownElements.java:64)
	at com.sun.proxy.$Proxy6.sendKeys(Unknown Source)
	at org.openqa.selenium.remote.server.handler.SendKeys.call(SendKeys.java:50)
	at org.openqa.selenium.remote.server.handler.SendKeys.call(SendKeys.java:29)
	at java.util.concurrent.FutureTask.run(FutureTask.java:266)
	at org.openqa.selenium.remote.server.DefaultSession$1.run(DefaultSession.java:176)
	at java.util.concurrent.ThreadPoolExecutor.runWorker(ThreadPoolExecutor.java:1149)
	at java.util.concurrent.ThreadPoolExecutor$Worker.run(ThreadPoolExecutor.java:624)
	at java.lang.Thread.run(Thread.java:748)
07:28:03.456 WARN - Exception: element not interactable
  (Session info: chrome=80.0.3987.122)
  (Driver info: chromedriver=80.0.3987.106 (f68069574609230cf9b635cd784cfb1bf81bb53a-refs/branch-heads/3987@{#882}),platform=Mac OS X 10.13.6 x86_64) (WARNING: The server did not provide any stacktrace information)
Command duration or timeout: 28 milliseconds
Build info: version: '3.0.1', revision: '1969d75', time: '2016-10-18 09:48:19 -0700'
System info: host: 'IN-GN-45412.local', ip: '192.168.2.3', os.name: 'Mac OS X', os.arch: 'x86_64', os.version: '10.13.6', java.version: '1.8.0_191'
Driver info: org.openqa.selenium.chrome.ChromeDriver
Capabilities [{mobileEmulationEnabled=false, timeouts={implicit=0, pageLoad=300000, script=30000}, hasTouchScreen=false, platform=MAC, acceptSslCerts=false, goog:chromeOptions={debuggerAddress=localhost:60389}, acceptInsecureCerts=false, webStorageEnabled=true, browserName=chrome, takesScreenshot=true, javascriptEnabled=true, setWindowRect=true, unexpectedAlertBehaviour=ignore, applicationCacheEnabled=false, rotatable=false, networkConnectionEnabled=false, chrome={chromedriverVersion=80.0.3987.106 (f68069574609230cf9b635cd784cfb1bf81bb53a-refs/branch-heads/3987@{#882}), userDataDir=/var/folders/pp/vl1nbgxn6zn42k3n1scqf2mctvfc6n/T/.com.google.Chrome.km6J3w}, takesHeapSnapshot=true, pageLoadStrategy=normal, strictFileInteractability=false, databaseEnabled=false, handlesAlerts=true, version=80.0.3987.122, browserConnectionEnabled=false, proxy={}, nativeEvents=true, locationContextEnabled=true, cssSelectorsEnabled=true}]
Session ID: 96c05ac59f5b0e6d5753ab0d6a1f0825
07:28:03.618 INFO - Executing: [find elements: By.xpath: //*[@id="autocomplete-form-suite"]])
07:28:03.628 INFO - Done: [find elements: By.xpath: //*[@id="autocomplete-form-suite"]]
07:28:03.635 INFO - Executing: [send keys: 6 [[ChromeDriver: chrome on MAC (96c05ac59f5b0e6d5753ab0d6a1f0825)] -> xpath: //*[@id="autocomplete-form-suite"]], [1]])
07:28:03.967 WARN - Exception thrown
org.openqa.selenium.ElementNotInteractableException: element not interactable
  (Session info: chrome=80.0.3987.122)
  (Driver info: chromedriver=80.0.3987.106 (f68069574609230cf9b635cd784cfb1bf81bb53a-refs/branch-heads/3987@{#882}),platform=Mac OS X 10.13.6 x86_64) (WARNING: The server did not provide any stacktrace information)
Command duration or timeout: 22 milliseconds
Build info: version: '3.0.1', revision: '1969d75', time: '2016-10-18 09:48:19 -0700'
System info: host: 'IN-GN-45412.local', ip: '192.168.2.3', os.name: 'Mac OS X', os.arch: 'x86_64', os.version: '10.13.6', java.version: '1.8.0_191'
Driver info: org.openqa.selenium.chrome.ChromeDriver
Capabilities [{mobileEmulationEnabled=false, timeouts={implicit=0, pageLoad=300000, script=30000}, hasTouchScreen=false, platform=MAC, acceptSslCerts=false, goog:chromeOptions={debuggerAddress=localhost:60389}, acceptInsecureCerts=false, webStorageEnabled=true, browserName=chrome, takesScreenshot=true, javascriptEnabled=true, setWindowRect=true, unexpectedAlertBehaviour=ignore, applicationCacheEnabled=false, rotatable=false, networkConnectionEnabled=false, chrome={chromedriverVersion=80.0.3987.106 (f68069574609230cf9b635cd784cfb1bf81bb53a-refs/branch-heads/3987@{#882}), userDataDir=/var/folders/pp/vl1nbgxn6zn42k3n1scqf2mctvfc6n/T/.com.google.Chrome.km6J3w}, takesHeapSnapshot=true, pageLoadStrategy=normal, strictFileInteractability=false, databaseEnabled=false, handlesAlerts=true, version=80.0.3987.122, browserConnectionEnabled=false, proxy={}, nativeEvents=true, locationContextEnabled=true, cssSelectorsEnabled=true}]
Session ID: 96c05ac59f5b0e6d5753ab0d6a1f0825
	at sun.reflect.NativeConstructorAccessorImpl.newInstance0(Native Method)
	at sun.reflect.NativeConstructorAccessorImpl.newInstance(NativeConstructorAccessorImpl.java:62)
	at sun.reflect.DelegatingConstructorAccessorImpl.newInstance(DelegatingConstructorAccessorImpl.java:45)
	at java.lang.reflect.Constructor.newInstance(Constructor.java:423)
	at org.openqa.selenium.remote.ErrorHandler.createThrowable(ErrorHandler.java:216)
	at org.openqa.selenium.remote.ErrorHandler.throwIfResponseFailed(ErrorHandler.java:168)
	at org.openqa.selenium.remote.RemoteWebDriver.execute(RemoteWebDriver.java:635)
	at org.openqa.selenium.remote.RemoteWebElement.execute(RemoteWebElement.java:274)
	at org.openqa.selenium.remote.RemoteWebElement.sendKeys(RemoteWebElement.java:98)
	at sun.reflect.NativeMethodAccessorImpl.invoke0(Native Method)
	at sun.reflect.NativeMethodAccessorImpl.invoke(NativeMethodAccessorImpl.java:62)
	at sun.reflect.DelegatingMethodAccessorImpl.invoke(DelegatingMethodAccessorImpl.java:43)
	at java.lang.reflect.Method.invoke(Method.java:498)
	at org.openqa.selenium.support.events.EventFiringWebDriver$EventFiringWebElement$1.invoke(EventFiringWebDriver.java:331)
	at com.sun.proxy.$Proxy5.sendKeys(Unknown Source)
	at org.openqa.selenium.support.events.EventFiringWebDriver$EventFiringWebElement.sendKeys(EventFiringWebDriver.java:354)
	at sun.reflect.NativeMethodAccessorImpl.invoke0(Native Method)
	at sun.reflect.NativeMethodAccessorImpl.invoke(NativeMethodAccessorImpl.java:62)
	at sun.reflect.DelegatingMethodAccessorImpl.invoke(DelegatingMethodAccessorImpl.java:43)
	at java.lang.reflect.Method.invoke(Method.java:498)
	at org.openqa.selenium.remote.server.KnownElements$1.invoke(KnownElements.java:64)
	at com.sun.proxy.$Proxy6.sendKeys(Unknown Source)
	at org.openqa.selenium.remote.server.handler.SendKeys.call(SendKeys.java:50)
	at org.openqa.selenium.remote.server.handler.SendKeys.call(SendKeys.java:29)
	at java.util.concurrent.FutureTask.run(FutureTask.java:266)
	at org.openqa.selenium.remote.server.DefaultSession$1.run(DefaultSession.java:176)
	at java.util.concurrent.ThreadPoolExecutor.runWorker(ThreadPoolExecutor.java:1149)
	at java.util.concurrent.ThreadPoolExecutor$Worker.run(ThreadPoolExecutor.java:624)
	at java.lang.Thread.run(Thread.java:748)
07:28:03.967 WARN - Exception: element not interactable
  (Session info: chrome=80.0.3987.122)
  (Driver info: chromedriver=80.0.3987.106 (f68069574609230cf9b635cd784cfb1bf81bb53a-refs/branch-heads/3987@{#882}),platform=Mac OS X 10.13.6 x86_64) (WARNING: The server did not provide any stacktrace information)
Command duration or timeout: 22 milliseconds
Build info: version: '3.0.1', revision: '1969d75', time: '2016-10-18 09:48:19 -0700'
System info: host: 'IN-GN-45412.local', ip: '192.168.2.3', os.name: 'Mac OS X', os.arch: 'x86_64', os.version: '10.13.6', java.version: '1.8.0_191'
Driver info: org.openqa.selenium.chrome.ChromeDriver
Capabilities [{mobileEmulationEnabled=false, timeouts={implicit=0, pageLoad=300000, script=30000}, hasTouchScreen=false, platform=MAC, acceptSslCerts=false, goog:chromeOptions={debuggerAddress=localhost:60389}, acceptInsecureCerts=false, webStorageEnabled=true, browserName=chrome, takesScreenshot=true, javascriptEnabled=true, setWindowRect=true, unexpectedAlertBehaviour=ignore, applicationCacheEnabled=false, rotatable=false, networkConnectionEnabled=false, chrome={chromedriverVersion=80.0.3987.106 (f68069574609230cf9b635cd784cfb1bf81bb53a-refs/branch-heads/3987@{#882}), userDataDir=/var/folders/pp/vl1nbgxn6zn42k3n1scqf2mctvfc6n/T/.com.google.Chrome.km6J3w}, takesHeapSnapshot=true, pageLoadStrategy=normal, strictFileInteractability=false, databaseEnabled=false, handlesAlerts=true, version=80.0.3987.122, browserConnectionEnabled=false, proxy={}, nativeEvents=true, locationContextEnabled=true, cssSelectorsEnabled=true}]
Session ID: 96c05ac59f5b0e6d5753ab0d6a1f0825
07:28:04.085 INFO - Executing: [find elements: By.xpath: //*[@id="autocomplete-form-submit"]])
07:28:04.095 INFO - Done: [find elements: By.xpath: //*[@id="autocomplete-form-submit"]]
07:28:04.098 INFO - Executing: [click: 7 [[ChromeDriver: chrome on MAC (96c05ac59f5b0e6d5753ab0d6a1f0825)] -> xpath: //*[@id="autocomplete-form-submit"]]])
07:28:04.428 WARN - Exception thrown
org.openqa.selenium.ElementNotVisibleException: element not interactable
  (Session info: chrome=80.0.3987.122)
  (Driver info: chromedriver=80.0.3987.106 (f68069574609230cf9b635cd784cfb1bf81bb53a-refs/branch-heads/3987@{#882}),platform=Mac OS X 10.13.6 x86_64) (WARNING: The server did not provide any stacktrace information)
Command duration or timeout: 12 milliseconds
Build info: version: '3.0.1', revision: '1969d75', time: '2016-10-18 09:48:19 -0700'
System info: host: 'IN-GN-45412.local', ip: '192.168.2.3', os.name: 'Mac OS X', os.arch: 'x86_64', os.version: '10.13.6', java.version: '1.8.0_191'
Driver info: org.openqa.selenium.chrome.ChromeDriver
Capabilities [{mobileEmulationEnabled=false, timeouts={implicit=0, pageLoad=300000, script=30000}, hasTouchScreen=false, platform=MAC, acceptSslCerts=false, goog:chromeOptions={debuggerAddress=localhost:60389}, acceptInsecureCerts=false, webStorageEnabled=true, browserName=chrome, takesScreenshot=true, javascriptEnabled=true, setWindowRect=true, unexpectedAlertBehaviour=ignore, applicationCacheEnabled=false, rotatable=false, networkConnectionEnabled=false, chrome={chromedriverVersion=80.0.3987.106 (f68069574609230cf9b635cd784cfb1bf81bb53a-refs/branch-heads/3987@{#882}), userDataDir=/var/folders/pp/vl1nbgxn6zn42k3n1scqf2mctvfc6n/T/.com.google.Chrome.km6J3w}, takesHeapSnapshot=true, pageLoadStrategy=normal, strictFileInteractability=false, databaseEnabled=false, handlesAlerts=true, version=80.0.3987.122, browserConnectionEnabled=false, proxy={}, nativeEvents=true, locationContextEnabled=true, cssSelectorsEnabled=true}]
Session ID: 96c05ac59f5b0e6d5753ab0d6a1f0825
	at sun.reflect.NativeConstructorAccessorImpl.newInstance0(Native Method)
	at sun.reflect.NativeConstructorAccessorImpl.newInstance(NativeConstructorAccessorImpl.java:62)
	at sun.reflect.DelegatingConstructorAccessorImpl.newInstance(DelegatingConstructorAccessorImpl.java:45)
	at java.lang.reflect.Constructor.newInstance(Constructor.java:423)
	at org.openqa.selenium.remote.ErrorHandler.createThrowable(ErrorHandler.java:216)
	at org.openqa.selenium.remote.ErrorHandler.throwIfResponseFailed(ErrorHandler.java:168)
	at org.openqa.selenium.remote.RemoteWebDriver.execute(RemoteWebDriver.java:635)
	at org.openqa.selenium.remote.RemoteWebElement.execute(RemoteWebElement.java:274)
	at org.openqa.selenium.remote.RemoteWebElement.click(RemoteWebElement.java:84)
	at sun.reflect.NativeMethodAccessorImpl.invoke0(Native Method)
	at sun.reflect.NativeMethodAccessorImpl.invoke(NativeMethodAccessorImpl.java:62)
	at sun.reflect.DelegatingMethodAccessorImpl.invoke(DelegatingMethodAccessorImpl.java:43)
	at java.lang.reflect.Method.invoke(Method.java:498)
	at org.openqa.selenium.support.events.EventFiringWebDriver$EventFiringWebElement$1.invoke(EventFiringWebDriver.java:331)
	at com.sun.proxy.$Proxy5.click(Unknown Source)
	at org.openqa.selenium.support.events.EventFiringWebDriver$EventFiringWebElement.click(EventFiringWebDriver.java:344)
	at sun.reflect.NativeMethodAccessorImpl.invoke0(Native Method)
	at sun.reflect.NativeMethodAccessorImpl.invoke(NativeMethodAccessorImpl.java:62)
	at sun.reflect.DelegatingMethodAccessorImpl.invoke(DelegatingMethodAccessorImpl.java:43)
	at java.lang.reflect.Method.invoke(Method.java:498)
	at org.openqa.selenium.remote.server.KnownElements$1.invoke(KnownElements.java:64)
	at com.sun.proxy.$Proxy6.click(Unknown Source)
	at org.openqa.selenium.remote.server.handler.ClickElement.call(ClickElement.java:30)
	at org.openqa.selenium.remote.server.handler.ClickElement.call(ClickElement.java:22)
	at java.util.concurrent.FutureTask.run(FutureTask.java:266)
	at org.openqa.selenium.remote.server.DefaultSession$1.run(DefaultSession.java:176)
	at java.util.concurrent.ThreadPoolExecutor.runWorker(ThreadPoolExecutor.java:1149)
	at java.util.concurrent.ThreadPoolExecutor$Worker.run(ThreadPoolExecutor.java:624)
	at java.lang.Thread.run(Thread.java:748)
07:28:04.429 WARN - Exception: element not interactable
  (Session info: chrome=80.0.3987.122)
  (Driver info: chromedriver=80.0.3987.106 (f68069574609230cf9b635cd784cfb1bf81bb53a-refs/branch-heads/3987@{#882}),platform=Mac OS X 10.13.6 x86_64) (WARNING: The server did not provide any stacktrace information)
Command duration or timeout: 12 milliseconds
Build info: version: '3.0.1', revision: '1969d75', time: '2016-10-18 09:48:19 -0700'
System info: host: 'IN-GN-45412.local', ip: '192.168.2.3', os.name: 'Mac OS X', os.arch: 'x86_64', os.version: '10.13.6', java.version: '1.8.0_191'
Driver info: org.openqa.selenium.chrome.ChromeDriver
Capabilities [{mobileEmulationEnabled=false, timeouts={implicit=0, pageLoad=300000, script=30000}, hasTouchScreen=false, platform=MAC, acceptSslCerts=false, goog:chromeOptions={debuggerAddress=localhost:60389}, acceptInsecureCerts=false, webStorageEnabled=true, browserName=chrome, takesScreenshot=true, javascriptEnabled=true, setWindowRect=true, unexpectedAlertBehaviour=ignore, applicationCacheEnabled=false, rotatable=false, networkConnectionEnabled=false, chrome={chromedriverVersion=80.0.3987.106 (f68069574609230cf9b635cd784cfb1bf81bb53a-refs/branch-heads/3987@{#882}), userDataDir=/var/folders/pp/vl1nbgxn6zn42k3n1scqf2mctvfc6n/T/.com.google.Chrome.km6J3w}, takesHeapSnapshot=true, pageLoadStrategy=normal, strictFileInteractability=false, databaseEnabled=false, handlesAlerts=true, version=80.0.3987.122, browserConnectionEnabled=false, proxy={}, nativeEvents=true, locationContextEnabled=true, cssSelectorsEnabled=true}]
Session ID: 96c05ac59f5b0e6d5753ab0d6a1f0825
07:28:04.534 INFO - Executing: [find elements: By.xpath: //*[@id="manual"]/section/div/div[4]/section/div/a])
07:28:04.543 INFO - Done: [find elements: By.xpath: //*[@id="manual"]/section/div/div[4]/section/div/a]
07:28:05.049 INFO - Executing: [find elements: By.xpath: //*[@id="manual"]/section/div/div[4]/section/div/a])
07:28:05.057 INFO - Done: [find elements: By.xpath: //*[@id="manual"]/section/div/div[4]/section/div/a]
07:28:05.565 INFO - Executing: [find elements: By.xpath: //*[@id="manual"]/section/div/div[4]/section/div/a])
07:28:05.574 INFO - Done: [find elements: By.xpath: //*[@id="manual"]/section/div/div[4]/section/div/a]
07:28:06.083 INFO - Executing: [find elements: By.xpath: //*[@id="manual"]/section/div/div[4]/section/div/a])
07:28:06.091 INFO - Done: [find elements: By.xpath: //*[@id="manual"]/section/div/div[4]/section/div/a]
07:28:06.600 INFO - Executing: [find elements: By.xpath: //*[@id="manual"]/section/div/div[4]/section/div/a])
07:28:06.610 INFO - Done: [find elements: By.xpath: //*[@id="manual"]/section/div/div[4]/section/div/a]
07:28:07.119 INFO - Executing: [find elements: By.xpath: //*[@id="manual"]/section/div/div[4]/section/div/a])
07:28:07.128 INFO - Done: [find elements: By.xpath: //*[@id="manual"]/section/div/div[4]/section/div/a]
07:28:07.638 INFO - Executing: [find elements: By.xpath: //*[@id="manual"]/section/div/div[4]/section/div/a])
07:28:07.647 INFO - Done: [find elements: By.xpath: //*[@id="manual"]/section/div/div[4]/section/div/a]
07:28:08.157 INFO - Executing: [find elements: By.xpath: //*[@id="manual"]/section/div/div[4]/section/div/a])
07:28:08.166 INFO - Done: [find elements: By.xpath: //*[@id="manual"]/section/div/div[4]/section/div/a]
07:28:08.673 INFO - Executing: [find elements: By.xpath: //*[@id="manual"]/section/div/div[4]/section/div/a])
07:28:08.681 INFO - Done: [find elements: By.xpath: //*[@id="manual"]/section/div/div[4]/section/div/a]
07:28:09.191 INFO - Executing: [find elements: By.xpath: //*[@id="manual"]/section/div/div[4]/section/div/a])
07:28:09.201 INFO - Done: [find elements: By.xpath: //*[@id="manual"]/section/div/div[4]/section/div/a]
07:28:09.704 INFO - Executing: [find elements: By.xpath: //*[@id="manual"]/section/div/div[4]/section/div/a])
07:28:10.015 INFO - Done: [find elements: By.xpath: //*[@id="manual"]/section/div/div[4]/section/div/a]
07:28:10.020 INFO - Executing: [find elements: By.xpath: //*[@id="autocomplete-form-address-google"]])
07:28:10.029 INFO - Done: [find elements: By.xpath: //*[@id="autocomplete-form-address-google"]]
07:28:10.033 INFO - Executing: [send keys: 5 [[ChromeDriver: chrome on MAC (96c05ac59f5b0e6d5753ab0d6a1f0825)] -> xpath: //*[@id="autocomplete-form-address-google"]], [T, o, r, o, n, t, o]])
07:28:10.397 WARN - Exception thrown
org.openqa.selenium.ElementNotInteractableException: element not interactable
  (Session info: chrome=80.0.3987.122)
  (Driver info: chromedriver=80.0.3987.106 (f68069574609230cf9b635cd784cfb1bf81bb53a-refs/branch-heads/3987@{#882}),platform=Mac OS X 10.13.6 x86_64) (WARNING: The server did not provide any stacktrace information)
Command duration or timeout: 23 milliseconds
Build info: version: '3.0.1', revision: '1969d75', time: '2016-10-18 09:48:19 -0700'
System info: host: 'IN-GN-45412.local', ip: '192.168.2.3', os.name: 'Mac OS X', os.arch: 'x86_64', os.version: '10.13.6', java.version: '1.8.0_191'
Driver info: org.openqa.selenium.chrome.ChromeDriver
Capabilities [{mobileEmulationEnabled=false, timeouts={implicit=0, pageLoad=300000, script=30000}, hasTouchScreen=false, platform=MAC, acceptSslCerts=false, goog:chromeOptions={debuggerAddress=localhost:60389}, acceptInsecureCerts=false, webStorageEnabled=true, browserName=chrome, takesScreenshot=true, javascriptEnabled=true, setWindowRect=true, unexpectedAlertBehaviour=ignore, applicationCacheEnabled=false, rotatable=false, networkConnectionEnabled=false, chrome={chromedriverVersion=80.0.3987.106 (f68069574609230cf9b635cd784cfb1bf81bb53a-refs/branch-heads/3987@{#882}), userDataDir=/var/folders/pp/vl1nbgxn6zn42k3n1scqf2mctvfc6n/T/.com.google.Chrome.km6J3w}, takesHeapSnapshot=true, pageLoadStrategy=normal, strictFileInteractability=false, databaseEnabled=false, handlesAlerts=true, version=80.0.3987.122, browserConnectionEnabled=false, proxy={}, nativeEvents=true, locationContextEnabled=true, cssSelectorsEnabled=true}]
Session ID: 96c05ac59f5b0e6d5753ab0d6a1f0825
	at sun.reflect.NativeConstructorAccessorImpl.newInstance0(Native Method)
	at sun.reflect.NativeConstructorAccessorImpl.newInstance(NativeConstructorAccessorImpl.java:62)
	at sun.reflect.DelegatingConstructorAccessorImpl.newInstance(DelegatingConstructorAccessorImpl.java:45)
	at java.lang.reflect.Constructor.newInstance(Constructor.java:423)
	at org.openqa.selenium.remote.ErrorHandler.createThrowable(ErrorHandler.java:216)
	at org.openqa.selenium.remote.ErrorHandler.throwIfResponseFailed(ErrorHandler.java:168)
	at org.openqa.selenium.remote.RemoteWebDriver.execute(RemoteWebDriver.java:635)
	at org.openqa.selenium.remote.RemoteWebElement.execute(RemoteWebElement.java:274)
	at org.openqa.selenium.remote.RemoteWebElement.sendKeys(RemoteWebElement.java:98)
	at sun.reflect.NativeMethodAccessorImpl.invoke0(Native Method)
	at sun.reflect.NativeMethodAccessorImpl.invoke(NativeMethodAccessorImpl.java:62)
	at sun.reflect.DelegatingMethodAccessorImpl.invoke(DelegatingMethodAccessorImpl.java:43)
	at java.lang.reflect.Method.invoke(Method.java:498)
	at org.openqa.selenium.support.events.EventFiringWebDriver$EventFiringWebElement$1.invoke(EventFiringWebDriver.java:331)
	at com.sun.proxy.$Proxy5.sendKeys(Unknown Source)
	at org.openqa.selenium.support.events.EventFiringWebDriver$EventFiringWebElement.sendKeys(EventFiringWebDriver.java:354)
	at sun.reflect.NativeMethodAccessorImpl.invoke0(Native Method)
	at sun.reflect.NativeMethodAccessorImpl.invoke(NativeMethodAccessorImpl.java:62)
	at sun.reflect.DelegatingMethodAccessorImpl.invoke(DelegatingMethodAccessorImpl.java:43)
	at java.lang.reflect.Method.invoke(Method.java:498)
	at org.openqa.selenium.remote.server.KnownElements$1.invoke(KnownElements.java:64)
	at com.sun.proxy.$Proxy6.sendKeys(Unknown Source)
	at org.openqa.selenium.remote.server.handler.SendKeys.call(SendKeys.java:50)
	at org.openqa.selenium.remote.server.handler.SendKeys.call(SendKeys.java:29)
	at java.util.concurrent.FutureTask.run(FutureTask.java:266)
	at org.openqa.selenium.remote.server.DefaultSession$1.run(DefaultSession.java:176)
	at java.util.concurrent.ThreadPoolExecutor.runWorker(ThreadPoolExecutor.java:1149)
	at java.util.concurrent.ThreadPoolExecutor$Worker.run(ThreadPoolExecutor.java:624)
	at java.lang.Thread.run(Thread.java:748)
07:28:10.398 WARN - Exception: element not interactable
  (Session info: chrome=80.0.3987.122)
  (Driver info: chromedriver=80.0.3987.106 (f68069574609230cf9b635cd784cfb1bf81bb53a-refs/branch-heads/3987@{#882}),platform=Mac OS X 10.13.6 x86_64) (WARNING: The server did not provide any stacktrace information)
Command duration or timeout: 23 milliseconds
Build info: version: '3.0.1', revision: '1969d75', time: '2016-10-18 09:48:19 -0700'
System info: host: 'IN-GN-45412.local', ip: '192.168.2.3', os.name: 'Mac OS X', os.arch: 'x86_64', os.version: '10.13.6', java.version: '1.8.0_191'
Driver info: org.openqa.selenium.chrome.ChromeDriver
Capabilities [{mobileEmulationEnabled=false, timeouts={implicit=0, pageLoad=300000, script=30000}, hasTouchScreen=false, platform=MAC, acceptSslCerts=false, goog:chromeOptions={debuggerAddress=localhost:60389}, acceptInsecureCerts=false, webStorageEnabled=true, browserName=chrome, takesScreenshot=true, javascriptEnabled=true, setWindowRect=true, unexpectedAlertBehaviour=ignore, applicationCacheEnabled=false, rotatable=false, networkConnectionEnabled=false, chrome={chromedriverVersion=80.0.3987.106 (f68069574609230cf9b635cd784cfb1bf81bb53a-refs/branch-heads/3987@{#882}), userDataDir=/var/folders/pp/vl1nbgxn6zn42k3n1scqf2mctvfc6n/T/.com.google.Chrome.km6J3w}, takesHeapSnapshot=true, pageLoadStrategy=normal, strictFileInteractability=false, databaseEnabled=false, handlesAlerts=true, version=80.0.3987.122, browserConnectionEnabled=false, proxy={}, nativeEvents=true, locationContextEnabled=true, cssSelectorsEnabled=true}]
Session ID: 96c05ac59f5b0e6d5753ab0d6a1f0825
07:28:10.556 INFO - Executing: [find elements: By.xpath: //*[@id="autocomplete-form-suite"]])
07:28:10.570 INFO - Done: [find elements: By.xpath: //*[@id="autocomplete-form-suite"]]
07:28:10.574 INFO - Executing: [send keys: 6 [[ChromeDriver: chrome on MAC (96c05ac59f5b0e6d5753ab0d6a1f0825)] -> xpath: //*[@id="autocomplete-form-suite"]], [1]])
07:28:10.928 WARN - Exception thrown
org.openqa.selenium.ElementNotInteractableException: element not interactable
  (Session info: chrome=80.0.3987.122)
  (Driver info: chromedriver=80.0.3987.106 (f68069574609230cf9b635cd784cfb1bf81bb53a-refs/branch-heads/3987@{#882}),platform=Mac OS X 10.13.6 x86_64) (WARNING: The server did not provide any stacktrace information)
Command duration or timeout: 27 milliseconds
Build info: version: '3.0.1', revision: '1969d75', time: '2016-10-18 09:48:19 -0700'
System info: host: 'IN-GN-45412.local', ip: '192.168.2.3', os.name: 'Mac OS X', os.arch: 'x86_64', os.version: '10.13.6', java.version: '1.8.0_191'
Driver info: org.openqa.selenium.chrome.ChromeDriver
Capabilities [{mobileEmulationEnabled=false, timeouts={implicit=0, pageLoad=300000, script=30000}, hasTouchScreen=false, platform=MAC, acceptSslCerts=false, goog:chromeOptions={debuggerAddress=localhost:60389}, acceptInsecureCerts=false, webStorageEnabled=true, browserName=chrome, takesScreenshot=true, javascriptEnabled=true, setWindowRect=true, unexpectedAlertBehaviour=ignore, applicationCacheEnabled=false, rotatable=false, networkConnectionEnabled=false, chrome={chromedriverVersion=80.0.3987.106 (f68069574609230cf9b635cd784cfb1bf81bb53a-refs/branch-heads/3987@{#882}), userDataDir=/var/folders/pp/vl1nbgxn6zn42k3n1scqf2mctvfc6n/T/.com.google.Chrome.km6J3w}, takesHeapSnapshot=true, pageLoadStrategy=normal, strictFileInteractability=false, databaseEnabled=false, handlesAlerts=true, version=80.0.3987.122, browserConnectionEnabled=false, proxy={}, nativeEvents=true, locationContextEnabled=true, cssSelectorsEnabled=true}]
Session ID: 96c05ac59f5b0e6d5753ab0d6a1f0825
	at sun.reflect.NativeConstructorAccessorImpl.newInstance0(Native Method)
	at sun.reflect.NativeConstructorAccessorImpl.newInstance(NativeConstructorAccessorImpl.java:62)
	at sun.reflect.DelegatingConstructorAccessorImpl.newInstance(DelegatingConstructorAccessorImpl.java:45)
	at java.lang.reflect.Constructor.newInstance(Constructor.java:423)
	at org.openqa.selenium.remote.ErrorHandler.createThrowable(ErrorHandler.java:216)
	at org.openqa.selenium.remote.ErrorHandler.throwIfResponseFailed(ErrorHandler.java:168)
	at org.openqa.selenium.remote.RemoteWebDriver.execute(RemoteWebDriver.java:635)
	at org.openqa.selenium.remote.RemoteWebElement.execute(RemoteWebElement.java:274)
	at org.openqa.selenium.remote.RemoteWebElement.sendKeys(RemoteWebElement.java:98)
	at sun.reflect.NativeMethodAccessorImpl.invoke0(Native Method)
	at sun.reflect.NativeMethodAccessorImpl.invoke(NativeMethodAccessorImpl.java:62)
	at sun.reflect.DelegatingMethodAccessorImpl.invoke(DelegatingMethodAccessorImpl.java:43)
	at java.lang.reflect.Method.invoke(Method.java:498)
	at org.openqa.selenium.support.events.EventFiringWebDriver$EventFiringWebElement$1.invoke(EventFiringWebDriver.java:331)
	at com.sun.proxy.$Proxy5.sendKeys(Unknown Source)
	at org.openqa.selenium.support.events.EventFiringWebDriver$EventFiringWebElement.sendKeys(EventFiringWebDriver.java:354)
	at sun.reflect.NativeMethodAccessorImpl.invoke0(Native Method)
	at sun.reflect.NativeMethodAccessorImpl.invoke(NativeMethodAccessorImpl.java:62)
	at sun.reflect.DelegatingMethodAccessorImpl.invoke(DelegatingMethodAccessorImpl.java:43)
	at java.lang.reflect.Method.invoke(Method.java:498)
	at org.openqa.selenium.remote.server.KnownElements$1.invoke(KnownElements.java:64)
	at com.sun.proxy.$Proxy6.sendKeys(Unknown Source)
	at org.openqa.selenium.remote.server.handler.SendKeys.call(SendKeys.java:50)
	at org.openqa.selenium.remote.server.handler.SendKeys.call(SendKeys.java:29)
	at java.util.concurrent.FutureTask.run(FutureTask.java:266)
	at org.openqa.selenium.remote.server.DefaultSession$1.run(DefaultSession.java:176)
	at java.util.concurrent.ThreadPoolExecutor.runWorker(ThreadPoolExecutor.java:1149)
	at java.util.concurrent.ThreadPoolExecutor$Worker.run(ThreadPoolExecutor.java:624)
	at java.lang.Thread.run(Thread.java:748)
07:28:10.929 WARN - Exception: element not interactable
  (Session info: chrome=80.0.3987.122)
  (Driver info: chromedriver=80.0.3987.106 (f68069574609230cf9b635cd784cfb1bf81bb53a-refs/branch-heads/3987@{#882}),platform=Mac OS X 10.13.6 x86_64) (WARNING: The server did not provide any stacktrace information)
Command duration or timeout: 27 milliseconds
Build info: version: '3.0.1', revision: '1969d75', time: '2016-10-18 09:48:19 -0700'
System info: host: 'IN-GN-45412.local', ip: '192.168.2.3', os.name: 'Mac OS X', os.arch: 'x86_64', os.version: '10.13.6', java.version: '1.8.0_191'
Driver info: org.openqa.selenium.chrome.ChromeDriver
Capabilities [{mobileEmulationEnabled=false, timeouts={implicit=0, pageLoad=300000, script=30000}, hasTouchScreen=false, platform=MAC, acceptSslCerts=false, goog:chromeOptions={debuggerAddress=localhost:60389}, acceptInsecureCerts=false, webStorageEnabled=true, browserName=chrome, takesScreenshot=true, javascriptEnabled=true, setWindowRect=true, unexpectedAlertBehaviour=ignore, applicationCacheEnabled=false, rotatable=false, networkConnectionEnabled=false, chrome={chromedriverVersion=80.0.3987.106 (f68069574609230cf9b635cd784cfb1bf81bb53a-refs/branch-heads/3987@{#882}), userDataDir=/var/folders/pp/vl1nbgxn6zn42k3n1scqf2mctvfc6n/T/.com.google.Chrome.km6J3w}, takesHeapSnapshot=true, pageLoadStrategy=normal, strictFileInteractability=false, databaseEnabled=false, handlesAlerts=true, version=80.0.3987.122, browserConnectionEnabled=false, proxy={}, nativeEvents=true, locationContextEnabled=true, cssSelectorsEnabled=true}]
Session ID: 96c05ac59f5b0e6d5753ab0d6a1f0825
07:28:11.082 INFO - Executing: [find elements: By.xpath: //*[@id="autocomplete-form-submit"]])
07:28:11.092 INFO - Done: [find elements: By.xpath: //*[@id="autocomplete-form-submit"]]
07:28:11.095 INFO - Executing: [click: 7 [[ChromeDriver: chrome on MAC (96c05ac59f5b0e6d5753ab0d6a1f0825)] -> xpath: //*[@id="autocomplete-form-submit"]]])
07:28:11.442 WARN - Exception thrown
org.openqa.selenium.ElementNotVisibleException: element not interactable
  (Session info: chrome=80.0.3987.122)
  (Driver info: chromedriver=80.0.3987.106 (f68069574609230cf9b635cd784cfb1bf81bb53a-refs/branch-heads/3987@{#882}),platform=Mac OS X 10.13.6 x86_64) (WARNING: The server did not provide any stacktrace information)
Command duration or timeout: 11 milliseconds
Build info: version: '3.0.1', revision: '1969d75', time: '2016-10-18 09:48:19 -0700'
System info: host: 'IN-GN-45412.local', ip: '192.168.2.3', os.name: 'Mac OS X', os.arch: 'x86_64', os.version: '10.13.6', java.version: '1.8.0_191'
Driver info: org.openqa.selenium.chrome.ChromeDriver
Capabilities [{mobileEmulationEnabled=false, timeouts={implicit=0, pageLoad=300000, script=30000}, hasTouchScreen=false, platform=MAC, acceptSslCerts=false, goog:chromeOptions={debuggerAddress=localhost:60389}, acceptInsecureCerts=false, webStorageEnabled=true, browserName=chrome, takesScreenshot=true, javascriptEnabled=true, setWindowRect=true, unexpectedAlertBehaviour=ignore, applicationCacheEnabled=false, rotatable=false, networkConnectionEnabled=false, chrome={chromedriverVersion=80.0.3987.106 (f68069574609230cf9b635cd784cfb1bf81bb53a-refs/branch-heads/3987@{#882}), userDataDir=/var/folders/pp/vl1nbgxn6zn42k3n1scqf2mctvfc6n/T/.com.google.Chrome.km6J3w}, takesHeapSnapshot=true, pageLoadStrategy=normal, strictFileInteractability=false, databaseEnabled=false, handlesAlerts=true, version=80.0.3987.122, browserConnectionEnabled=false, proxy={}, nativeEvents=true, locationContextEnabled=true, cssSelectorsEnabled=true}]
Session ID: 96c05ac59f5b0e6d5753ab0d6a1f0825
	at sun.reflect.NativeConstructorAccessorImpl.newInstance0(Native Method)
	at sun.reflect.NativeConstructorAccessorImpl.newInstance(NativeConstructorAccessorImpl.java:62)
	at sun.reflect.DelegatingConstructorAccessorImpl.newInstance(DelegatingConstructorAccessorImpl.java:45)
	at java.lang.reflect.Constructor.newInstance(Constructor.java:423)
	at org.openqa.selenium.remote.ErrorHandler.createThrowable(ErrorHandler.java:216)
	at org.openqa.selenium.remote.ErrorHandler.throwIfResponseFailed(ErrorHandler.java:168)
	at org.openqa.selenium.remote.RemoteWebDriver.execute(RemoteWebDriver.java:635)
	at org.openqa.selenium.remote.RemoteWebElement.execute(RemoteWebElement.java:274)
	at org.openqa.selenium.remote.RemoteWebElement.click(RemoteWebElement.java:84)
	at sun.reflect.NativeMethodAccessorImpl.invoke0(Native Method)
	at sun.reflect.NativeMethodAccessorImpl.invoke(NativeMethodAccessorImpl.java:62)
	at sun.reflect.DelegatingMethodAccessorImpl.invoke(DelegatingMethodAccessorImpl.java:43)
	at java.lang.reflect.Method.invoke(Method.java:498)
	at org.openqa.selenium.support.events.EventFiringWebDriver$EventFiringWebElement$1.invoke(EventFiringWebDriver.java:331)
	at com.sun.proxy.$Proxy5.click(Unknown Source)
	at org.openqa.selenium.support.events.EventFiringWebDriver$EventFiringWebElement.click(EventFiringWebDriver.java:344)
	at sun.reflect.NativeMethodAccessorImpl.invoke0(Native Method)
	at sun.reflect.NativeMethodAccessorImpl.invoke(NativeMethodAccessorImpl.java:62)
	at sun.reflect.DelegatingMethodAccessorImpl.invoke(DelegatingMethodAccessorImpl.java:43)
	at java.lang.reflect.Method.invoke(Method.java:498)
	at org.openqa.selenium.remote.server.KnownElements$1.invoke(KnownElements.java:64)
	at com.sun.proxy.$Proxy6.click(Unknown Source)
	at org.openqa.selenium.remote.server.handler.ClickElement.call(ClickElement.java:30)
	at org.openqa.selenium.remote.server.handler.ClickElement.call(ClickElement.java:22)
	at java.util.concurrent.FutureTask.run(FutureTask.java:266)
	at org.openqa.selenium.remote.server.DefaultSession$1.run(DefaultSession.java:176)
	at java.util.concurrent.ThreadPoolExecutor.runWorker(ThreadPoolExecutor.java:1149)
	at java.util.concurrent.ThreadPoolExecutor$Worker.run(ThreadPoolExecutor.java:624)
	at java.lang.Thread.run(Thread.java:748)
07:28:11.442 WARN - Exception: element not interactable
  (Session info: chrome=80.0.3987.122)
  (Driver info: chromedriver=80.0.3987.106 (f68069574609230cf9b635cd784cfb1bf81bb53a-refs/branch-heads/3987@{#882}),platform=Mac OS X 10.13.6 x86_64) (WARNING: The server did not provide any stacktrace information)
Command duration or timeout: 11 milliseconds
Build info: version: '3.0.1', revision: '1969d75', time: '2016-10-18 09:48:19 -0700'
System info: host: 'IN-GN-45412.local', ip: '192.168.2.3', os.name: 'Mac OS X', os.arch: 'x86_64', os.version: '10.13.6', java.version: '1.8.0_191'
Driver info: org.openqa.selenium.chrome.ChromeDriver
Capabilities [{mobileEmulationEnabled=false, timeouts={implicit=0, pageLoad=300000, script=30000}, hasTouchScreen=false, platform=MAC, acceptSslCerts=false, goog:chromeOptions={debuggerAddress=localhost:60389}, acceptInsecureCerts=false, webStorageEnabled=true, browserName=chrome, takesScreenshot=true, javascriptEnabled=true, setWindowRect=true, unexpectedAlertBehaviour=ignore, applicationCacheEnabled=false, rotatable=false, networkConnectionEnabled=false, chrome={chromedriverVersion=80.0.3987.106 (f68069574609230cf9b635cd784cfb1bf81bb53a-refs/branch-heads/3987@{#882}), userDataDir=/var/folders/pp/vl1nbgxn6zn42k3n1scqf2mctvfc6n/T/.com.google.Chrome.km6J3w}, takesHeapSnapshot=true, pageLoadStrategy=normal, strictFileInteractability=false, databaseEnabled=false, handlesAlerts=true, version=80.0.3987.122, browserConnectionEnabled=false, proxy={}, nativeEvents=true, locationContextEnabled=true, cssSelectorsEnabled=true}]
Session ID: 96c05ac59f5b0e6d5753ab0d6a1f0825
07:28:11.569 INFO - Executing: [find elements: By.xpath: //*[@id="manual-form-submit"]])
[1582855091.762][SEVERE]: Timed out receiving message from renderer: 0.100
07:28:11.775 INFO - Done: [find elements: By.xpath: //*[@id="manual-form-submit"]]
07:28:12.283 INFO - Executing: [find elements: By.xpath: //*[@id="manual-form-submit"]])
07:28:12.291 INFO - Done: [find elements: By.xpath: //*[@id="manual-form-submit"]]
07:28:12.798 INFO - Executing: [find elements: By.xpath: //*[@id="manual-form-submit"]])
07:28:12.806 INFO - Done: [find elements: By.xpath: //*[@id="manual-form-submit"]]
07:28:13.312 INFO - Executing: [find elements: By.xpath: //*[@id="manual-form-submit"]])
07:28:13.321 INFO - Done: [find elements: By.xpath: //*[@id="manual-form-submit"]]
07:28:13.827 INFO - Executing: [find elements: By.xpath: //*[@id="manual-form-submit"]])
07:28:13.835 INFO - Done: [find elements: By.xpath: //*[@id="manual-form-submit"]]
07:28:14.339 INFO - Executing: [find elements: By.xpath: //*[@id="manual-form-submit"]])
07:28:14.349 INFO - Done: [find elements: By.xpath: //*[@id="manual-form-submit"]]
07:28:14.857 INFO - Executing: [find elements: By.xpath: //*[@id="manual-form-submit"]])
07:28:14.869 INFO - Done: [find elements: By.xpath: //*[@id="manual-form-submit"]]
07:28:15.372 INFO - Executing: [find elements: By.xpath: //*[@id="manual-form-submit"]])
07:28:15.380 INFO - Done: [find elements: By.xpath: //*[@id="manual-form-submit"]]
07:28:15.883 INFO - Executing: [find elements: By.xpath: //*[@id="manual-form-submit"]])
07:28:15.893 INFO - Done: [find elements: By.xpath: //*[@id="manual-form-submit"]]
07:28:16.399 INFO - Executing: [find elements: By.xpath: //*[@id="manual-form-submit"]])
07:28:16.408 INFO - Done: [find elements: By.xpath: //*[@id="manual-form-submit"]]
07:28:16.915 INFO - Executing: [find elements: By.xpath: //*[@id="manual-form-submit"]])
07:28:16.924 INFO - Done: [find elements: By.xpath: //*[@id="manual-form-submit"]]
07:28:16.927 INFO - Executing: [find elements: By.xpath: //*[@id="choose-addresses-0"]])
07:28:16.938 INFO - Done: [find elements: By.xpath: //*[@id="choose-addresses-0"]]
07:28:17.444 INFO - Executing: [find elements: By.xpath: //*[@id="choose-addresses-0"]])
07:28:17.452 INFO - Done: [find elements: By.xpath: //*[@id="choose-addresses-0"]]
07:28:17.961 INFO - Executing: [find elements: By.xpath: //*[@id="choose-addresses-0"]])
07:28:17.970 INFO - Done: [find elements: By.xpath: //*[@id="choose-addresses-0"]]
07:28:18.478 INFO - Executing: [find elements: By.xpath: //*[@id="choose-addresses-0"]])
07:28:18.488 INFO - Done: [find elements: By.xpath: //*[@id="choose-addresses-0"]]
07:28:18.998 INFO - Executing: [find elements: By.xpath: //*[@id="choose-addresses-0"]])
07:28:19.006 INFO - Done: [find elements: By.xpath: //*[@id="choose-addresses-0"]]
07:28:19.514 INFO - Executing: [find elements: By.xpath: //*[@id="choose-addresses-0"]])
07:28:19.522 INFO - Done: [find elements: By.xpath: //*[@id="choose-addresses-0"]]
07:28:20.029 INFO - Executing: [find elements: By.xpath: //*[@id="choose-addresses-0"]])
07:28:20.037 INFO - Done: [find elements: By.xpath: //*[@id="choose-addresses-0"]]
07:28:20.543 INFO - Executing: [find elements: By.xpath: //*[@id="choose-addresses-0"]])
07:28:20.551 INFO - Done: [find elements: By.xpath: //*[@id="choose-addresses-0"]]
07:28:21.061 INFO - Executing: [find elements: By.xpath: //*[@id="choose-addresses-0"]])
07:28:21.069 INFO - Done: [find elements: By.xpath: //*[@id="choose-addresses-0"]]
07:28:21.579 INFO - Executing: [find elements: By.xpath: //*[@id="choose-addresses-0"]])
07:28:21.587 INFO - Done: [find elements: By.xpath: //*[@id="choose-addresses-0"]]
07:28:22.096 INFO - Executing: [find elements: By.xpath: //*[@id="choose-addresses-0"]])
07:28:22.105 INFO - Done: [find elements: By.xpath: //*[@id="choose-addresses-0"]]
07:28:22.109 INFO - Executing: [find elements: By.xpath: //*[@id="choose-form-submit"]])
07:28:22.120 INFO - Done: [find elements: By.xpath: //*[@id="choose-form-submit"]]
07:28:22.629 INFO - Executing: [find elements: By.xpath: //*[@id="choose-form-submit"]])
07:28:22.637 INFO - Done: [find elements: By.xpath: //*[@id="choose-form-submit"]]
07:28:23.145 INFO - Executing: [find elements: By.xpath: //*[@id="choose-form-submit"]])
07:28:23.153 INFO - Done: [find elements: By.xpath: //*[@id="choose-form-submit"]]
07:28:23.662 INFO - Executing: [find elements: By.xpath: //*[@id="choose-form-submit"]])
07:28:23.670 INFO - Done: [find elements: By.xpath: //*[@id="choose-form-submit"]]
07:28:24.177 INFO - Executing: [find elements: By.xpath: //*[@id="choose-form-submit"]])
07:28:24.184 INFO - Done: [find elements: By.xpath: //*[@id="choose-form-submit"]]
07:28:24.688 INFO - Executing: [find elements: By.xpath: //*[@id="choose-form-submit"]])
07:28:24.696 INFO - Done: [find elements: By.xpath: //*[@id="choose-form-submit"]]
07:28:25.199 INFO - Executing: [find elements: By.xpath: //*[@id="choose-form-submit"]])
07:28:25.206 INFO - Done: [find elements: By.xpath: //*[@id="choose-form-submit"]]
07:28:25.714 INFO - Executing: [find elements: By.xpath: //*[@id="choose-form-submit"]])
07:28:25.723 INFO - Done: [find elements: By.xpath: //*[@id="choose-form-submit"]]
07:28:26.229 INFO - Executing: [find elements: By.xpath: //*[@id="choose-form-submit"]])
07:28:26.237 INFO - Done: [find elements: By.xpath: //*[@id="choose-form-submit"]]
07:28:26.745 INFO - Executing: [find elements: By.xpath: //*[@id="choose-form-submit"]])
07:28:26.753 INFO - Done: [find elements: By.xpath: //*[@id="choose-form-submit"]]
07:28:27.262 INFO - Executing: [find elements: By.xpath: //*[@id="choose-form-submit"]])
07:28:27.269 INFO - Done: [find elements: By.xpath: //*[@id="choose-form-submit"]]
07:28:27.279 INFO - Executing: [find elements: By.cssSelector: body])
07:28:27.291 INFO - Done: [find elements: By.cssSelector: body]
07:28:27.294 INFO - Executing: [is displayed: 8 [[ChromeDriver: chrome on MAC (96c05ac59f5b0e6d5753ab0d6a1f0825)] -> css selector: body]])
07:28:27.304 INFO - Done: [is displayed: 8 [[ChromeDriver: chrome on MAC (96c05ac59f5b0e6d5753ab0d6a1f0825)] -> css selector: body]]
07:28:34.317 INFO - Executing: [find elements: By.xpath: //*[@id="app-mount"]/main/section/div/div[4]/div/div[1]/div[3]/div[1]/div])
07:28:34.331 INFO - Done: [find elements: By.xpath: //*[@id="app-mount"]/main/section/div/div[4]/div/div[1]/div[3]/div[1]/div]
07:28:34.836 INFO - Executing: [find elements: By.xpath: //*[@id="app-mount"]/main/section/div/div[4]/div/div[1]/div[3]/div[1]/div])
07:28:34.843 INFO - Done: [find elements: By.xpath: //*[@id="app-mount"]/main/section/div/div[4]/div/div[1]/div[3]/div[1]/div]
07:28:35.347 INFO - Executing: [find elements: By.xpath: //*[@id="app-mount"]/main/section/div/div[4]/div/div[1]/div[3]/div[1]/div])
07:28:35.356 INFO - Done: [find elements: By.xpath: //*[@id="app-mount"]/main/section/div/div[4]/div/div[1]/div[3]/div[1]/div]
07:28:35.864 INFO - Executing: [find elements: By.xpath: //*[@id="app-mount"]/main/section/div/div[4]/div/div[1]/div[3]/div[1]/div])
07:28:35.873 INFO - Done: [find elements: By.xpath: //*[@id="app-mount"]/main/section/div/div[4]/div/div[1]/div[3]/div[1]/div]
07:28:36.381 INFO - Executing: [find elements: By.xpath: //*[@id="app-mount"]/main/section/div/div[4]/div/div[1]/div[3]/div[1]/div])
07:28:36.390 INFO - Done: [find elements: By.xpath: //*[@id="app-mount"]/main/section/div/div[4]/div/div[1]/div[3]/div[1]/div]
07:28:36.897 INFO - Executing: [find elements: By.xpath: //*[@id="app-mount"]/main/section/div/div[4]/div/div[1]/div[3]/div[1]/div])
07:28:36.907 INFO - Done: [find elements: By.xpath: //*[@id="app-mount"]/main/section/div/div[4]/div/div[1]/div[3]/div[1]/div]
07:28:37.413 INFO - Executing: [find elements: By.xpath: //*[@id="app-mount"]/main/section/div/div[4]/div/div[1]/div[3]/div[1]/div])
07:28:37.422 INFO - Done: [find elements: By.xpath: //*[@id="app-mount"]/main/section/div/div[4]/div/div[1]/div[3]/div[1]/div]
07:28:37.931 INFO - Executing: [find elements: By.xpath: //*[@id="app-mount"]/main/section/div/div[4]/div/div[1]/div[3]/div[1]/div])
07:28:37.939 INFO - Done: [find elements: By.xpath: //*[@id="app-mount"]/main/section/div/div[4]/div/div[1]/div[3]/div[1]/div]
07:28:38.447 INFO - Executing: [find elements: By.xpath: //*[@id="app-mount"]/main/section/div/div[4]/div/div[1]/div[3]/div[1]/div])
07:28:38.456 INFO - Done: [find elements: By.xpath: //*[@id="app-mount"]/main/section/div/div[4]/div/div[1]/div[3]/div[1]/div]
07:28:38.961 INFO - Executing: [find elements: By.xpath: //*[@id="app-mount"]/main/section/div/div[4]/div/div[1]/div[3]/div[1]/div])
07:28:38.969 INFO - Done: [find elements: By.xpath: //*[@id="app-mount"]/main/section/div/div[4]/div/div[1]/div[3]/div[1]/div]
07:28:39.475 INFO - Executing: [find elements: By.xpath: //*[@id="app-mount"]/main/section/div/div[4]/div/div[1]/div[3]/div[1]/div])
07:28:39.481 INFO - Done: [find elements: By.xpath: //*[@id="app-mount"]/main/section/div/div[4]/div/div[1]/div[3]/div[1]/div]
07:28:39.490 INFO - Executing: [delete session: 1d26f72a-c4d2-4f07-8b99-38a4eb82b75f])
07:28:39.677 INFO - Done: [delete session: 1d26f72a-c4d2-4f07-8b99-38a4eb82b75f]
