<?xml version="1.0" encoding="UTF-8" ?>
<testsuites errors="11"
            failures="1"
            tests="5">

  <testsuite name="thirdTest"
    errors="11" failures="1" hostname="" id="" package="thirdTest" skipped="1"
    tests="5" time="54.64" timestamp="">
  
    <testcase name="step one: navigate to telus" classname="thirdTest" time="11.80" assertions="2">

    

    
    </testcase>
  
    <testcase name="step two: choose homephone" classname="thirdTest" time="2.803" assertions="1">

    
    </testcase>
  
    <testcase name="step three: choose homephone lite plan" classname="thirdTest" time="1.432" assertions="3">

    

    

    
    </testcase>
  
    <testcase name="step four: enter address details" classname="thirdTest" time="26.40" assertions="0">
      <error message="An error occurred while running .click() command on &lt;//*[@id=&#34;choose-form-submit&#34;]&gt;: undefined; undefined" type="error">NoSuchElementError: An error occurred while running .click() command on &lt;//*[@id=&#34;choose-form-submit&#34;]&gt;: undefined; undefined
    at ClickElement.noSuchElementError (/Users/varshana.balaji/automation/telus/node_modules/nightwatch/lib/element/command.js:363:12)
    at Object.errorHandler (/Users/varshana.balaji/automation/telus/node_modules/nightwatch/lib/api/element-commands/_baseElementCommand.js:42:30)
    at PeriodicPromise.runAction (/Users/varshana.balaji/automation/telus/node_modules/nightwatch/lib/utils/periodic-promise.js:60:29)
    at processTicksAndRejections (internal/process/task_queues.js:89:5)</error>
    
    </testcase>
  
    <testcase name="step five: add to cart" classname="thirdTest" time="12.21" assertions="2">

      <failure message="Testing if element [0;33m&lt;//*[@id=&#34;app-mount&#34;]/main/section/div/div[4]/div/div[1]/div[3]/div[1]/div&gt;[0m is visible in 5000ms - expected [0;32m&#34;is visible&#34;[0m but got: [0;31m&#34;element could not be located&#34;[0m [0;90m(5172ms)[0m">    at Object.step five: add to cart (/Users/varshana.balaji/automation/telus/tests/thirdTest.js:44:15)
    at processTicksAndRejections (internal/process/task_queues.js:89:5)</failure>

    
      <failure message="    at Object.step five: add to cart (/Users/varshana.balaji/automation/telus/tests/thirdTest.js:44:15)">    at processTicksAndRejections (internal/process/task_queues.js:89:5)</failure>
      <error message="Error while running &#34;visible&#34; command: Testing if element [0;33m&lt;//*[@id=&#34;app-mount&#34;]/main/section/div/div[4]/div/div[1]/div[3]/div[1]/div&gt;[0m is visible in 5000ms - expected [0;32m&#34;is visible&#34;[0m but got: [0;31m&#34;element could not be located&#34;[0m [0;90m(5172ms)[0m" type="error">    at processTicksAndRejections (internal/process/task_queues.js:89:5)</error>
    
    </testcase>
  

  
    <system-err>
      [0;31m  SyntaxError: Unexpected token .[0m
[0;90m         .assert.titleContains(&#34;Phones, Internet and TV on Canada&#39;s fastest network | TELUS&#34;)
         ^
   
   SyntaxError: Unexpected token .
       at Module._compile (internal/modules/cjs/loader.js:718:23)
       at Object.Module._extensions..js (internal/modules/cjs/loader.js:785:10)
       at Module.load (internal/modules/cjs/loader.js:641:32)
       at Function.Module._load (internal/modules/cjs/loader.js:556:12)
       at Module.require (internal/modules/cjs/loader.js:681:19)
       at require (internal/modules/cjs/helpers.js:16:16)[0m
[0;31m  TimeoutError: An error occurred while running .setValue() command on &lt;//*[@id=&#34;autocomplete-form-address-google&#34;]&gt;:   (Session info: chrome=80.0.3987.122),  (Driver info: chromedriver=80.0.3987.106 (f68069574609230cf9b635cd784cfb1bf81bb53a-refs/branch-heads/3987@{#882}),platform=Mac OS X 10.13.6 x86_64) (WARNING: The server did not provide any stacktrace information),Command duration or timeout: 28 milliseconds,Build info: version: &#39;3.0.1&#39;, revision: &#39;1969d75&#39;, time: &#39;2016-10-18 09:48:19 -0700&#39;,System info: host: &#39;IN-GN-45412.local&#39;, ip: &#39;192.168.2.3&#39;, os.name: &#39;Mac OS X&#39;, os.arch: &#39;x86_64&#39;, os.version: &#39;10.13.6&#39;, java.version: &#39;1.8.0_191&#39;,Driver info: org.openqa.selenium.chrome.ChromeDriver,Capabilities [{mobileEmulationEnabled=false, timeouts={implicit=0, pageLoad=300000, script=30000}, hasTouchScreen=false, platform=MAC, acceptSslCerts=false, goog:chromeOptions={debuggerAddress=localhost:60389}, acceptInsecureCerts=false, webStorageEnabled=true, browserName=chrome, takesScreenshot=true, javascriptEnabled=true, setWindowRect=true, unexpectedAlertBehaviour=ignore, applicationCacheEnabled=false, rotatable=false, networkConnectionEnabled=false, chrome={chromedriverVersion=80.0.3987.106 (f68069574609230cf9b635cd784cfb1bf81bb53a-refs/branch-heads/3987@{#882}), userDataDir=/var/folders/pp/vl1nbgxn6zn42k3n1scqf2mctvfc6n/T/.com.google.Chrome.km6J3w}, takesHeapSnapshot=true, pageLoadStrategy=normal, strictFileInteractability=false, databaseEnabled=false, handlesAlerts=true, version=80.0.3987.122, browserConnectionEnabled=false, proxy={}, nativeEvents=true, locationContextEnabled=true, cssSelectorsEnabled=true}],Session ID: 96c05ac59f5b0e6d5753ab0d6a1f0825; element not interactable
   {&#34;status&#34;:-1,&#34;state&#34;:&#34;element not interactable&#34;,&#34;value&#34;:{&#34;systemInformation&#34;:&#34;System info: host: &#39;IN-GN-45412.local&#39;, ip: &#39;192.168.2.3&#39;, os.name: &#39;Mac OS X&#39;, os.arch: &#39;x86_64&#39;, os.version: &#39;10.13.6&#39;, java.version: &#39;1.8.0_191&#39;&#34;,&#34;message&#34;:&#34;element not interactable&#34;,&#34;error&#34;:[&#34;  (Session info: chrome=80.0.3987.122)&#34;,&#34;  (Driver info: chromedriver=80.0.3987.106 (f68069574609230cf9b635cd784cfb1bf81bb53a-refs/branch-heads/3987@{#882}),platform=Mac OS X 10.13.6 x86_64) (WARNING: The server did not provide any stacktrace information)&#34;,&#34;Command duration or timeout: 28 milliseconds&#34;,&#34;Build info: version: &#39;3.0.1&#39;, revision: &#39;1969d75&#39;, time: &#39;2016-10-18 09:48:19 -0700&#39;&#34;,&#34;System info: host: &#39;IN-GN-45412.local&#39;, ip: &#39;192.168.2.3&#39;, os.name: &#39;Mac OS X&#39;, os.arch: &#39;x86_64&#39;, os.version: &#39;10.13.6&#39;, java.version: &#39;1.8.0_191&#39;&#34;,&#34;Driver info: org.openqa.selenium.chrome.ChromeDriver&#34;,&#34;Capabilities [{mobileEmulationEnabled=false, timeouts={implicit=0, pageLoad=300000, script=30000}, hasTouchScreen=false, platform=MAC, acceptSslCerts=false, goog:chromeOptions={debuggerAddress=localhost:60389}, acceptInsecureCerts=false, webStorageEnabled=true, browserName=chrome, takesScreenshot=true, javascriptEnabled=true, setWindowRect=true, unexpectedAlertBehaviour=ignore, applicationCacheEnabled=false, rotatable=false, networkConnectionEnabled=false, chrome={chromedriverVersion=80.0.3987.106 (f68069574609230cf9b635cd784cfb1bf81bb53a-refs/branch-heads/3987@{#882}), userDataDir=/var/folders/pp/vl1nbgxn6zn42k3n1scqf2mctvfc6n/T/.com.google.Chrome.km6J3w}, takesHeapSnapshot=true, pageLoadStrategy=normal, strictFileInteractability=false, databaseEnabled=false, handlesAlerts=true, version=80.0.3987.122, browserConnectionEnabled=false, proxy={}, nativeEvents=true, locationContextEnabled=true, cssSelectorsEnabled=true}]&#34;,&#34;Session ID: 96c05ac59f5b0e6d5753ab0d6a1f0825&#34;]},&#34;errorStatus&#34;:60,&#34;error&#34;:&#34;element not interactable&#34;,&#34;httpStatusCode&#34;:500}[0m
[0;90m       at processTicksAndRejections (internal/process/task_queues.js:89:5)[0m
[0;31m  TimeoutError: An error occurred while running .setValue() command on &lt;//*[@id=&#34;autocomplete-form-suite&#34;]&gt;:   (Session info: chrome=80.0.3987.122),  (Driver info: chromedriver=80.0.3987.106 (f68069574609230cf9b635cd784cfb1bf81bb53a-refs/branch-heads/3987@{#882}),platform=Mac OS X 10.13.6 x86_64) (WARNING: The server did not provide any stacktrace information),Command duration or timeout: 22 milliseconds,Build info: version: &#39;3.0.1&#39;, revision: &#39;1969d75&#39;, time: &#39;2016-10-18 09:48:19 -0700&#39;,System info: host: &#39;IN-GN-45412.local&#39;, ip: &#39;192.168.2.3&#39;, os.name: &#39;Mac OS X&#39;, os.arch: &#39;x86_64&#39;, os.version: &#39;10.13.6&#39;, java.version: &#39;1.8.0_191&#39;,Driver info: org.openqa.selenium.chrome.ChromeDriver,Capabilities [{mobileEmulationEnabled=false, timeouts={implicit=0, pageLoad=300000, script=30000}, hasTouchScreen=false, platform=MAC, acceptSslCerts=false, goog:chromeOptions={debuggerAddress=localhost:60389}, acceptInsecureCerts=false, webStorageEnabled=true, browserName=chrome, takesScreenshot=true, javascriptEnabled=true, setWindowRect=true, unexpectedAlertBehaviour=ignore, applicationCacheEnabled=false, rotatable=false, networkConnectionEnabled=false, chrome={chromedriverVersion=80.0.3987.106 (f68069574609230cf9b635cd784cfb1bf81bb53a-refs/branch-heads/3987@{#882}), userDataDir=/var/folders/pp/vl1nbgxn6zn42k3n1scqf2mctvfc6n/T/.com.google.Chrome.km6J3w}, takesHeapSnapshot=true, pageLoadStrategy=normal, strictFileInteractability=false, databaseEnabled=false, handlesAlerts=true, version=80.0.3987.122, browserConnectionEnabled=false, proxy={}, nativeEvents=true, locationContextEnabled=true, cssSelectorsEnabled=true}],Session ID: 96c05ac59f5b0e6d5753ab0d6a1f0825; element not interactable
   {&#34;status&#34;:-1,&#34;state&#34;:&#34;element not interactable&#34;,&#34;value&#34;:{&#34;systemInformation&#34;:&#34;System info: host: &#39;IN-GN-45412.local&#39;, ip: &#39;192.168.2.3&#39;, os.name: &#39;Mac OS X&#39;, os.arch: &#39;x86_64&#39;, os.version: &#39;10.13.6&#39;, java.version: &#39;1.8.0_191&#39;&#34;,&#34;message&#34;:&#34;element not interactable&#34;,&#34;error&#34;:[&#34;  (Session info: chrome=80.0.3987.122)&#34;,&#34;  (Driver info: chromedriver=80.0.3987.106 (f68069574609230cf9b635cd784cfb1bf81bb53a-refs/branch-heads/3987@{#882}),platform=Mac OS X 10.13.6 x86_64) (WARNING: The server did not provide any stacktrace information)&#34;,&#34;Command duration or timeout: 22 milliseconds&#34;,&#34;Build info: version: &#39;3.0.1&#39;, revision: &#39;1969d75&#39;, time: &#39;2016-10-18 09:48:19 -0700&#39;&#34;,&#34;System info: host: &#39;IN-GN-45412.local&#39;, ip: &#39;192.168.2.3&#39;, os.name: &#39;Mac OS X&#39;, os.arch: &#39;x86_64&#39;, os.version: &#39;10.13.6&#39;, java.version: &#39;1.8.0_191&#39;&#34;,&#34;Driver info: org.openqa.selenium.chrome.ChromeDriver&#34;,&#34;Capabilities [{mobileEmulationEnabled=false, timeouts={implicit=0, pageLoad=300000, script=30000}, hasTouchScreen=false, platform=MAC, acceptSslCerts=false, goog:chromeOptions={debuggerAddress=localhost:60389}, acceptInsecureCerts=false, webStorageEnabled=true, browserName=chrome, takesScreenshot=true, javascriptEnabled=true, setWindowRect=true, unexpectedAlertBehaviour=ignore, applicationCacheEnabled=false, rotatable=false, networkConnectionEnabled=false, chrome={chromedriverVersion=80.0.3987.106 (f68069574609230cf9b635cd784cfb1bf81bb53a-refs/branch-heads/3987@{#882}), userDataDir=/var/folders/pp/vl1nbgxn6zn42k3n1scqf2mctvfc6n/T/.com.google.Chrome.km6J3w}, takesHeapSnapshot=true, pageLoadStrategy=normal, strictFileInteractability=false, databaseEnabled=false, handlesAlerts=true, version=80.0.3987.122, browserConnectionEnabled=false, proxy={}, nativeEvents=true, locationContextEnabled=true, cssSelectorsEnabled=true}]&#34;,&#34;Session ID: 96c05ac59f5b0e6d5753ab0d6a1f0825&#34;]},&#34;errorStatus&#34;:60,&#34;error&#34;:&#34;element not interactable&#34;,&#34;httpStatusCode&#34;:500}[0m
[0;90m       at processTicksAndRejections (internal/process/task_queues.js:89:5)[0m
[0;31m  TimeoutError: An error occurred while running .click() command on &lt;//*[@id=&#34;autocomplete-form-submit&#34;]&gt;:   (Session info: chrome=80.0.3987.122),  (Driver info: chromedriver=80.0.3987.106 (f68069574609230cf9b635cd784cfb1bf81bb53a-refs/branch-heads/3987@{#882}),platform=Mac OS X 10.13.6 x86_64) (WARNING: The server did not provide any stacktrace information),Command duration or timeout: 12 milliseconds,Build info: version: &#39;3.0.1&#39;, revision: &#39;1969d75&#39;, time: &#39;2016-10-18 09:48:19 -0700&#39;,System info: host: &#39;IN-GN-45412.local&#39;, ip: &#39;192.168.2.3&#39;, os.name: &#39;Mac OS X&#39;, os.arch: &#39;x86_64&#39;, os.version: &#39;10.13.6&#39;, java.version: &#39;1.8.0_191&#39;,Driver info: org.openqa.selenium.chrome.ChromeDriver,Capabilities [{mobileEmulationEnabled=false, timeouts={implicit=0, pageLoad=300000, script=30000}, hasTouchScreen=false, platform=MAC, acceptSslCerts=false, goog:chromeOptions={debuggerAddress=localhost:60389}, acceptInsecureCerts=false, webStorageEnabled=true, browserName=chrome, takesScreenshot=true, javascriptEnabled=true, setWindowRect=true, unexpectedAlertBehaviour=ignore, applicationCacheEnabled=false, rotatable=false, networkConnectionEnabled=false, chrome={chromedriverVersion=80.0.3987.106 (f68069574609230cf9b635cd784cfb1bf81bb53a-refs/branch-heads/3987@{#882}), userDataDir=/var/folders/pp/vl1nbgxn6zn42k3n1scqf2mctvfc6n/T/.com.google.Chrome.km6J3w}, takesHeapSnapshot=true, pageLoadStrategy=normal, strictFileInteractability=false, databaseEnabled=false, handlesAlerts=true, version=80.0.3987.122, browserConnectionEnabled=false, proxy={}, nativeEvents=true, locationContextEnabled=true, cssSelectorsEnabled=true}],Session ID: 96c05ac59f5b0e6d5753ab0d6a1f0825; element not interactable
   {&#34;status&#34;:-1,&#34;state&#34;:&#34;element not visible&#34;,&#34;value&#34;:{&#34;systemInformation&#34;:&#34;System info: host: &#39;IN-GN-45412.local&#39;, ip: &#39;192.168.2.3&#39;, os.name: &#39;Mac OS X&#39;, os.arch: &#39;x86_64&#39;, os.version: &#39;10.13.6&#39;, java.version: &#39;1.8.0_191&#39;&#34;,&#34;message&#34;:&#34;element not interactable&#34;,&#34;error&#34;:[&#34;  (Session info: chrome=80.0.3987.122)&#34;,&#34;  (Driver info: chromedriver=80.0.3987.106 (f68069574609230cf9b635cd784cfb1bf81bb53a-refs/branch-heads/3987@{#882}),platform=Mac OS X 10.13.6 x86_64) (WARNING: The server did not provide any stacktrace information)&#34;,&#34;Command duration or timeout: 12 milliseconds&#34;,&#34;Build info: version: &#39;3.0.1&#39;, revision: &#39;1969d75&#39;, time: &#39;2016-10-18 09:48:19 -0700&#39;&#34;,&#34;System info: host: &#39;IN-GN-45412.local&#39;, ip: &#39;192.168.2.3&#39;, os.name: &#39;Mac OS X&#39;, os.arch: &#39;x86_64&#39;, os.version: &#39;10.13.6&#39;, java.version: &#39;1.8.0_191&#39;&#34;,&#34;Driver info: org.openqa.selenium.chrome.ChromeDriver&#34;,&#34;Capabilities [{mobileEmulationEnabled=false, timeouts={implicit=0, pageLoad=300000, script=30000}, hasTouchScreen=false, platform=MAC, acceptSslCerts=false, goog:chromeOptions={debuggerAddress=localhost:60389}, acceptInsecureCerts=false, webStorageEnabled=true, browserName=chrome, takesScreenshot=true, javascriptEnabled=true, setWindowRect=true, unexpectedAlertBehaviour=ignore, applicationCacheEnabled=false, rotatable=false, networkConnectionEnabled=false, chrome={chromedriverVersion=80.0.3987.106 (f68069574609230cf9b635cd784cfb1bf81bb53a-refs/branch-heads/3987@{#882}), userDataDir=/var/folders/pp/vl1nbgxn6zn42k3n1scqf2mctvfc6n/T/.com.google.Chrome.km6J3w}, takesHeapSnapshot=true, pageLoadStrategy=normal, strictFileInteractability=false, databaseEnabled=false, handlesAlerts=true, version=80.0.3987.122, browserConnectionEnabled=false, proxy={}, nativeEvents=true, locationContextEnabled=true, cssSelectorsEnabled=true}]&#34;,&#34;Session ID: 96c05ac59f5b0e6d5753ab0d6a1f0825&#34;]},&#34;errorStatus&#34;:11,&#34;error&#34;:&#34;element not interactable&#34;,&#34;httpStatusCode&#34;:500}[0m
[0;90m       at processTicksAndRejections (internal/process/task_queues.js:89:5)[0m
[0;31m  NoSuchElementError: An error occurred while running .click() command on &lt;//*[@id=&#34;manual&#34;]/section/div/div[4]/section/div/a&gt;: undefined; undefined
   {&#34;state&#34;:&#34;success&#34;,&#34;sessionId&#34;:&#34;1d26f72a-c4d2-4f07-8b99-38a4eb82b75f&#34;,&#34;value&#34;:[],&#34;status&#34;:0}[0m
[0;90m       at processTicksAndRejections (internal/process/task_queues.js:89:5)[0m
[0;31m  TimeoutError: An error occurred while running .setValue() command on &lt;//*[@id=&#34;autocomplete-form-address-google&#34;]&gt;:   (Session info: chrome=80.0.3987.122),  (Driver info: chromedriver=80.0.3987.106 (f68069574609230cf9b635cd784cfb1bf81bb53a-refs/branch-heads/3987@{#882}),platform=Mac OS X 10.13.6 x86_64) (WARNING: The server did not provide any stacktrace information),Command duration or timeout: 23 milliseconds,Build info: version: &#39;3.0.1&#39;, revision: &#39;1969d75&#39;, time: &#39;2016-10-18 09:48:19 -0700&#39;,System info: host: &#39;IN-GN-45412.local&#39;, ip: &#39;192.168.2.3&#39;, os.name: &#39;Mac OS X&#39;, os.arch: &#39;x86_64&#39;, os.version: &#39;10.13.6&#39;, java.version: &#39;1.8.0_191&#39;,Driver info: org.openqa.selenium.chrome.ChromeDriver,Capabilities [{mobileEmulationEnabled=false, timeouts={implicit=0, pageLoad=300000, script=30000}, hasTouchScreen=false, platform=MAC, acceptSslCerts=false, goog:chromeOptions={debuggerAddress=localhost:60389}, acceptInsecureCerts=false, webStorageEnabled=true, browserName=chrome, takesScreenshot=true, javascriptEnabled=true, setWindowRect=true, unexpectedAlertBehaviour=ignore, applicationCacheEnabled=false, rotatable=false, networkConnectionEnabled=false, chrome={chromedriverVersion=80.0.3987.106 (f68069574609230cf9b635cd784cfb1bf81bb53a-refs/branch-heads/3987@{#882}), userDataDir=/var/folders/pp/vl1nbgxn6zn42k3n1scqf2mctvfc6n/T/.com.google.Chrome.km6J3w}, takesHeapSnapshot=true, pageLoadStrategy=normal, strictFileInteractability=false, databaseEnabled=false, handlesAlerts=true, version=80.0.3987.122, browserConnectionEnabled=false, proxy={}, nativeEvents=true, locationContextEnabled=true, cssSelectorsEnabled=true}],Session ID: 96c05ac59f5b0e6d5753ab0d6a1f0825; element not interactable
   {&#34;status&#34;:-1,&#34;state&#34;:&#34;element not interactable&#34;,&#34;value&#34;:{&#34;systemInformation&#34;:&#34;System info: host: &#39;IN-GN-45412.local&#39;, ip: &#39;192.168.2.3&#39;, os.name: &#39;Mac OS X&#39;, os.arch: &#39;x86_64&#39;, os.version: &#39;10.13.6&#39;, java.version: &#39;1.8.0_191&#39;&#34;,&#34;message&#34;:&#34;element not interactable&#34;,&#34;error&#34;:[&#34;  (Session info: chrome=80.0.3987.122)&#34;,&#34;  (Driver info: chromedriver=80.0.3987.106 (f68069574609230cf9b635cd784cfb1bf81bb53a-refs/branch-heads/3987@{#882}),platform=Mac OS X 10.13.6 x86_64) (WARNING: The server did not provide any stacktrace information)&#34;,&#34;Command duration or timeout: 23 milliseconds&#34;,&#34;Build info: version: &#39;3.0.1&#39;, revision: &#39;1969d75&#39;, time: &#39;2016-10-18 09:48:19 -0700&#39;&#34;,&#34;System info: host: &#39;IN-GN-45412.local&#39;, ip: &#39;192.168.2.3&#39;, os.name: &#39;Mac OS X&#39;, os.arch: &#39;x86_64&#39;, os.version: &#39;10.13.6&#39;, java.version: &#39;1.8.0_191&#39;&#34;,&#34;Driver info: org.openqa.selenium.chrome.ChromeDriver&#34;,&#34;Capabilities [{mobileEmulationEnabled=false, timeouts={implicit=0, pageLoad=300000, script=30000}, hasTouchScreen=false, platform=MAC, acceptSslCerts=false, goog:chromeOptions={debuggerAddress=localhost:60389}, acceptInsecureCerts=false, webStorageEnabled=true, browserName=chrome, takesScreenshot=true, javascriptEnabled=true, setWindowRect=true, unexpectedAlertBehaviour=ignore, applicationCacheEnabled=false, rotatable=false, networkConnectionEnabled=false, chrome={chromedriverVersion=80.0.3987.106 (f68069574609230cf9b635cd784cfb1bf81bb53a-refs/branch-heads/3987@{#882}), userDataDir=/var/folders/pp/vl1nbgxn6zn42k3n1scqf2mctvfc6n/T/.com.google.Chrome.km6J3w}, takesHeapSnapshot=true, pageLoadStrategy=normal, strictFileInteractability=false, databaseEnabled=false, handlesAlerts=true, version=80.0.3987.122, browserConnectionEnabled=false, proxy={}, nativeEvents=true, locationContextEnabled=true, cssSelectorsEnabled=true}]&#34;,&#34;Session ID: 96c05ac59f5b0e6d5753ab0d6a1f0825&#34;]},&#34;errorStatus&#34;:60,&#34;error&#34;:&#34;element not interactable&#34;,&#34;httpStatusCode&#34;:500}[0m
[0;90m       at processTicksAndRejections (internal/process/task_queues.js:89:5)[0m
[0;31m  TimeoutError: An error occurred while running .setValue() command on &lt;//*[@id=&#34;autocomplete-form-suite&#34;]&gt;:   (Session info: chrome=80.0.3987.122),  (Driver info: chromedriver=80.0.3987.106 (f68069574609230cf9b635cd784cfb1bf81bb53a-refs/branch-heads/3987@{#882}),platform=Mac OS X 10.13.6 x86_64) (WARNING: The server did not provide any stacktrace information),Command duration or timeout: 27 milliseconds,Build info: version: &#39;3.0.1&#39;, revision: &#39;1969d75&#39;, time: &#39;2016-10-18 09:48:19 -0700&#39;,System info: host: &#39;IN-GN-45412.local&#39;, ip: &#39;192.168.2.3&#39;, os.name: &#39;Mac OS X&#39;, os.arch: &#39;x86_64&#39;, os.version: &#39;10.13.6&#39;, java.version: &#39;1.8.0_191&#39;,Driver info: org.openqa.selenium.chrome.ChromeDriver,Capabilities [{mobileEmulationEnabled=false, timeouts={implicit=0, pageLoad=300000, script=30000}, hasTouchScreen=false, platform=MAC, acceptSslCerts=false, goog:chromeOptions={debuggerAddress=localhost:60389}, acceptInsecureCerts=false, webStorageEnabled=true, browserName=chrome, takesScreenshot=true, javascriptEnabled=true, setWindowRect=true, unexpectedAlertBehaviour=ignore, applicationCacheEnabled=false, rotatable=false, networkConnectionEnabled=false, chrome={chromedriverVersion=80.0.3987.106 (f68069574609230cf9b635cd784cfb1bf81bb53a-refs/branch-heads/3987@{#882}), userDataDir=/var/folders/pp/vl1nbgxn6zn42k3n1scqf2mctvfc6n/T/.com.google.Chrome.km6J3w}, takesHeapSnapshot=true, pageLoadStrategy=normal, strictFileInteractability=false, databaseEnabled=false, handlesAlerts=true, version=80.0.3987.122, browserConnectionEnabled=false, proxy={}, nativeEvents=true, locationContextEnabled=true, cssSelectorsEnabled=true}],Session ID: 96c05ac59f5b0e6d5753ab0d6a1f0825; element not interactable
   {&#34;status&#34;:-1,&#34;state&#34;:&#34;element not interactable&#34;,&#34;value&#34;:{&#34;systemInformation&#34;:&#34;System info: host: &#39;IN-GN-45412.local&#39;, ip: &#39;192.168.2.3&#39;, os.name: &#39;Mac OS X&#39;, os.arch: &#39;x86_64&#39;, os.version: &#39;10.13.6&#39;, java.version: &#39;1.8.0_191&#39;&#34;,&#34;message&#34;:&#34;element not interactable&#34;,&#34;error&#34;:[&#34;  (Session info: chrome=80.0.3987.122)&#34;,&#34;  (Driver info: chromedriver=80.0.3987.106 (f68069574609230cf9b635cd784cfb1bf81bb53a-refs/branch-heads/3987@{#882}),platform=Mac OS X 10.13.6 x86_64) (WARNING: The server did not provide any stacktrace information)&#34;,&#34;Command duration or timeout: 27 milliseconds&#34;,&#34;Build info: version: &#39;3.0.1&#39;, revision: &#39;1969d75&#39;, time: &#39;2016-10-18 09:48:19 -0700&#39;&#34;,&#34;System info: host: &#39;IN-GN-45412.local&#39;, ip: &#39;192.168.2.3&#39;, os.name: &#39;Mac OS X&#39;, os.arch: &#39;x86_64&#39;, os.version: &#39;10.13.6&#39;, java.version: &#39;1.8.0_191&#39;&#34;,&#34;Driver info: org.openqa.selenium.chrome.ChromeDriver&#34;,&#34;Capabilities [{mobileEmulationEnabled=false, timeouts={implicit=0, pageLoad=300000, script=30000}, hasTouchScreen=false, platform=MAC, acceptSslCerts=false, goog:chromeOptions={debuggerAddress=localhost:60389}, acceptInsecureCerts=false, webStorageEnabled=true, browserName=chrome, takesScreenshot=true, javascriptEnabled=true, setWindowRect=true, unexpectedAlertBehaviour=ignore, applicationCacheEnabled=false, rotatable=false, networkConnectionEnabled=false, chrome={chromedriverVersion=80.0.3987.106 (f68069574609230cf9b635cd784cfb1bf81bb53a-refs/branch-heads/3987@{#882}), userDataDir=/var/folders/pp/vl1nbgxn6zn42k3n1scqf2mctvfc6n/T/.com.google.Chrome.km6J3w}, takesHeapSnapshot=true, pageLoadStrategy=normal, strictFileInteractability=false, databaseEnabled=false, handlesAlerts=true, version=80.0.3987.122, browserConnectionEnabled=false, proxy={}, nativeEvents=true, locationContextEnabled=true, cssSelectorsEnabled=true}]&#34;,&#34;Session ID: 96c05ac59f5b0e6d5753ab0d6a1f0825&#34;]},&#34;errorStatus&#34;:60,&#34;error&#34;:&#34;element not interactable&#34;,&#34;httpStatusCode&#34;:500}[0m
[0;90m       at processTicksAndRejections (internal/process/task_queues.js:89:5)[0m
[0;31m  TimeoutError: An error occurred while running .click() command on &lt;//*[@id=&#34;autocomplete-form-submit&#34;]&gt;:   (Session info: chrome=80.0.3987.122),  (Driver info: chromedriver=80.0.3987.106 (f68069574609230cf9b635cd784cfb1bf81bb53a-refs/branch-heads/3987@{#882}),platform=Mac OS X 10.13.6 x86_64) (WARNING: The server did not provide any stacktrace information),Command duration or timeout: 11 milliseconds,Build info: version: &#39;3.0.1&#39;, revision: &#39;1969d75&#39;, time: &#39;2016-10-18 09:48:19 -0700&#39;,System info: host: &#39;IN-GN-45412.local&#39;, ip: &#39;192.168.2.3&#39;, os.name: &#39;Mac OS X&#39;, os.arch: &#39;x86_64&#39;, os.version: &#39;10.13.6&#39;, java.version: &#39;1.8.0_191&#39;,Driver info: org.openqa.selenium.chrome.ChromeDriver,Capabilities [{mobileEmulationEnabled=false, timeouts={implicit=0, pageLoad=300000, script=30000}, hasTouchScreen=false, platform=MAC, acceptSslCerts=false, goog:chromeOptions={debuggerAddress=localhost:60389}, acceptInsecureCerts=false, webStorageEnabled=true, browserName=chrome, takesScreenshot=true, javascriptEnabled=true, setWindowRect=true, unexpectedAlertBehaviour=ignore, applicationCacheEnabled=false, rotatable=false, networkConnectionEnabled=false, chrome={chromedriverVersion=80.0.3987.106 (f68069574609230cf9b635cd784cfb1bf81bb53a-refs/branch-heads/3987@{#882}), userDataDir=/var/folders/pp/vl1nbgxn6zn42k3n1scqf2mctvfc6n/T/.com.google.Chrome.km6J3w}, takesHeapSnapshot=true, pageLoadStrategy=normal, strictFileInteractability=false, databaseEnabled=false, handlesAlerts=true, version=80.0.3987.122, browserConnectionEnabled=false, proxy={}, nativeEvents=true, locationContextEnabled=true, cssSelectorsEnabled=true}],Session ID: 96c05ac59f5b0e6d5753ab0d6a1f0825; element not interactable
   {&#34;status&#34;:-1,&#34;state&#34;:&#34;element not visible&#34;,&#34;value&#34;:{&#34;systemInformation&#34;:&#34;System info: host: &#39;IN-GN-45412.local&#39;, ip: &#39;192.168.2.3&#39;, os.name: &#39;Mac OS X&#39;, os.arch: &#39;x86_64&#39;, os.version: &#39;10.13.6&#39;, java.version: &#39;1.8.0_191&#39;&#34;,&#34;message&#34;:&#34;element not interactable&#34;,&#34;error&#34;:[&#34;  (Session info: chrome=80.0.3987.122)&#34;,&#34;  (Driver info: chromedriver=80.0.3987.106 (f68069574609230cf9b635cd784cfb1bf81bb53a-refs/branch-heads/3987@{#882}),platform=Mac OS X 10.13.6 x86_64) (WARNING: The server did not provide any stacktrace information)&#34;,&#34;Command duration or timeout: 11 milliseconds&#34;,&#34;Build info: version: &#39;3.0.1&#39;, revision: &#39;1969d75&#39;, time: &#39;2016-10-18 09:48:19 -0700&#39;&#34;,&#34;System info: host: &#39;IN-GN-45412.local&#39;, ip: &#39;192.168.2.3&#39;, os.name: &#39;Mac OS X&#39;, os.arch: &#39;x86_64&#39;, os.version: &#39;10.13.6&#39;, java.version: &#39;1.8.0_191&#39;&#34;,&#34;Driver info: org.openqa.selenium.chrome.ChromeDriver&#34;,&#34;Capabilities [{mobileEmulationEnabled=false, timeouts={implicit=0, pageLoad=300000, script=30000}, hasTouchScreen=false, platform=MAC, acceptSslCerts=false, goog:chromeOptions={debuggerAddress=localhost:60389}, acceptInsecureCerts=false, webStorageEnabled=true, browserName=chrome, takesScreenshot=true, javascriptEnabled=true, setWindowRect=true, unexpectedAlertBehaviour=ignore, applicationCacheEnabled=false, rotatable=false, networkConnectionEnabled=false, chrome={chromedriverVersion=80.0.3987.106 (f68069574609230cf9b635cd784cfb1bf81bb53a-refs/branch-heads/3987@{#882}), userDataDir=/var/folders/pp/vl1nbgxn6zn42k3n1scqf2mctvfc6n/T/.com.google.Chrome.km6J3w}, takesHeapSnapshot=true, pageLoadStrategy=normal, strictFileInteractability=false, databaseEnabled=false, handlesAlerts=true, version=80.0.3987.122, browserConnectionEnabled=false, proxy={}, nativeEvents=true, locationContextEnabled=true, cssSelectorsEnabled=true}]&#34;,&#34;Session ID: 96c05ac59f5b0e6d5753ab0d6a1f0825&#34;]},&#34;errorStatus&#34;:11,&#34;error&#34;:&#34;element not interactable&#34;,&#34;httpStatusCode&#34;:500}[0m
[0;90m       at processTicksAndRejections (internal/process/task_queues.js:89:5)[0m
[0;31m  NoSuchElementError: An error occurred while running .click() command on &lt;//*[@id=&#34;manual-form-submit&#34;]&gt;: undefined; undefined
   {&#34;state&#34;:&#34;success&#34;,&#34;sessionId&#34;:&#34;1d26f72a-c4d2-4f07-8b99-38a4eb82b75f&#34;,&#34;value&#34;:[],&#34;status&#34;:0}[0m
[0;90m       at processTicksAndRejections (internal/process/task_queues.js:89:5)[0m
[0;31m  NoSuchElementError: An error occurred while running .click() command on &lt;//*[@id=&#34;choose-addresses-0&#34;]&gt;: undefined; undefined
   {&#34;state&#34;:&#34;success&#34;,&#34;sessionId&#34;:&#34;1d26f72a-c4d2-4f07-8b99-38a4eb82b75f&#34;,&#34;value&#34;:[],&#34;status&#34;:0}[0m
[0;90m       at processTicksAndRejections (internal/process/task_queues.js:89:5)[0m
[0;31m  NoSuchElementError: An error occurred while running .click() command on &lt;//*[@id=&#34;choose-form-submit&#34;]&gt;: undefined; undefined
   {&#34;state&#34;:&#34;success&#34;,&#34;sessionId&#34;:&#34;1d26f72a-c4d2-4f07-8b99-38a4eb82b75f&#34;,&#34;value&#34;:[],&#34;status&#34;:0}[0m
[0;90m       at processTicksAndRejections (internal/process/task_queues.js:89:5)[0m
[0;31m  NoSuchElementError: An error occurred while running .isVisible() command on &lt;//*[@id=&#34;app-mount&#34;]/main/section/div/div[4]/div/div[1]/div[3]/div[1]/div&gt;: undefined; undefined
   {&#34;state&#34;:&#34;success&#34;,&#34;sessionId&#34;:&#34;1d26f72a-c4d2-4f07-8b99-38a4eb82b75f&#34;,&#34;value&#34;:[],&#34;status&#34;:0}[0m
[0;90m       at processTicksAndRejections (internal/process/task_queues.js:89:5)[0m
    </system-err>
  

  
    
    <testcase
      name="step six: review cart" classname="thirdTest">
      <skipped />
    </testcase>
    
  
  </testsuite>
</testsuites>
